[0.008s] Invoking command in '/ros2-migration/arena/utils/3rd-party-robot-packages/cob4/cob_base_controller_utils/build/cob_base_controller_utils': CMAKE_PREFIX_PATH=/opt/ros/humble /usr/bin/cmake /ros2-migration/arena/utils/3rd-party-robot-packages/cob4/cob_base_controller_utils -DCMAKE_INSTALL_PREFIX=/ros2-migration/arena/utils/3rd-party-robot-packages/cob4/cob_base_controller_utils/install/cob_base_controller_utils
[0.051s] -- The C compiler identification is GNU 11.4.0
[0.097s] -- The CXX compiler identification is GNU 11.4.0
[0.103s] -- Detecting C compiler ABI info
[0.156s] -- Detecting C compiler ABI info - done
[0.164s] -- Check for working C compiler: /usr/bin/cc - skipped
[0.164s] -- Detecting C compile features
[0.164s] -- Detecting C compile features - done
[0.167s] -- Detecting CXX compiler ABI info
[0.231s] -- Detecting CXX compiler ABI info - done
[0.239s] -- Check for working CXX compiler: /usr/bin/c++ - skipped
[0.240s] -- Detecting CXX compile features
[0.240s] -- Detecting CXX compile features - done
[0.242s] -- Found ament_cmake: 1.3.9 (/opt/ros/humble/share/ament_cmake/cmake)
[0.604s] -- Found Python3: /usr/bin/python3 (found version "3.10.12") found components: Interpreter 
[0.686s] -- Found std_srvs: 4.2.3 (/opt/ros/humble/share/std_srvs/cmake)
[0.716s] -- Found rosidl_generator_c: 3.1.5 (/opt/ros/humble/share/rosidl_generator_c/cmake)
[0.720s] -- Found rosidl_adapter: 3.1.5 (/opt/ros/humble/share/rosidl_adapter/cmake)
[0.728s] -- Found rosidl_generator_cpp: 3.1.5 (/opt/ros/humble/share/rosidl_generator_cpp/cmake)
[0.741s] -- Using all available rosidl_typesupport_c: rosidl_typesupport_fastrtps_c;rosidl_typesupport_introspection_c
[0.761s] -- Using all available rosidl_typesupport_cpp: rosidl_typesupport_fastrtps_cpp;rosidl_typesupport_introspection_cpp
[0.778s] -- Found rclcpp: 16.0.9 (/opt/ros/humble/share/rclcpp/cmake)
[0.856s] -- Found rmw_implementation_cmake: 6.1.2 (/opt/ros/humble/share/rmw_implementation_cmake/cmake)
[0.858s] -- Found rmw_fastrtps_cpp: 6.2.6 (/opt/ros/humble/share/rmw_fastrtps_cpp/cmake)
[0.937s] -- Found OpenSSL: /usr/lib/x86_64-linux-gnu/libcrypto.so (found version "3.0.2")  
[0.961s] -- Found FastRTPS: /opt/ros/humble/include  
[1.005s] -- Using RMW implementation 'rmw_fastrtps_cpp' as default
[1.014s] -- Looking for pthread.h
[1.070s] -- Looking for pthread.h - found
[1.071s] -- Performing Test CMAKE_HAVE_LIBC_PTHREAD
[1.133s] -- Performing Test CMAKE_HAVE_LIBC_PTHREAD - Success
[1.134s] -- Found Threads: TRUE  
[1.301s] -- Found geometry_msgs: 4.2.3 (/opt/ros/humble/share/geometry_msgs/cmake)
[1.347s] -- Found rosidl_default_generators: 1.2.0 (/opt/ros/humble/share/rosidl_default_generators/cmake)
[1.356s] -- Found tf2: 0.25.6 (/opt/ros/humble/share/tf2/cmake)
[1.370s] -- Found nav_msgs: 4.2.3 (/opt/ros/humble/share/nav_msgs/cmake)
[1.459s] -- Found urdf: 2.6.0 (/opt/ros/humble/share/urdf/cmake)
[1.566s] -- Configuring done
[1.902s] -- Generating done
[1.904s] -- Build files have been written to: /ros2-migration/arena/utils/3rd-party-robot-packages/cob4/cob_base_controller_utils/build/cob_base_controller_utils
[1.914s] Invoked command in '/ros2-migration/arena/utils/3rd-party-robot-packages/cob4/cob_base_controller_utils/build/cob_base_controller_utils' returned '0': CMAKE_PREFIX_PATH=/opt/ros/humble /usr/bin/cmake /ros2-migration/arena/utils/3rd-party-robot-packages/cob4/cob_base_controller_utils -DCMAKE_INSTALL_PREFIX=/ros2-migration/arena/utils/3rd-party-robot-packages/cob4/cob_base_controller_utils/install/cob_base_controller_utils
[1.916s] Invoking command in '/ros2-migration/arena/utils/3rd-party-robot-packages/cob4/cob_base_controller_utils/build/cob_base_controller_utils': CMAKE_PREFIX_PATH=/opt/ros/humble /usr/bin/cmake --build /ros2-migration/arena/utils/3rd-party-robot-packages/cob4/cob_base_controller_utils/build/cob_base_controller_utils -- -j8 -l8
[1.971s] [ 25%] [32mBuilding CXX object CMakeFiles/cob_stuck_detector.dir/src/stuck_detector.cpp.o[0m
[1.971s] [ 50%] [32mBuilding CXX object CMakeFiles/cob_spin_detector.dir/src/spin_detector.cpp.o[0m
[1.977s] [01m[K/ros2-migration/arena/utils/3rd-party-robot-packages/cob4/cob_base_controller_utils/src/stuck_detector.cpp:18:10:[m[K [01;31m[Kfatal error: [m[Kstd_srvs/srv/Trigger.hpp: No such file or directory
[1.977s]    18 | #include [01;31m[K<std_srvs/srv/Trigger.hpp>[m[K
[1.977s]       |          [01;31m[K^~~~~~~~~~~~~~~~~~~~~~~~~~[m[K
[1.977s] compilation terminated.
[1.977s] [01m[K/ros2-migration/arena/utils/3rd-party-robot-packages/cob4/cob_base_controller_utils/src/spin_detector.cpp:18:10:[m[K [01;31m[Kfatal error: [m[Kstd_srvs/srv/Trigger.hpp: No such file or directory
[1.977s]    18 | #include [01;31m[K<std_srvs/srv/Trigger.hpp>[m[K
[1.977s]       |          [01;31m[K^~~~~~~~~~~~~~~~~~~~~~~~~~[m[K
[1.977s] compilation terminated.
[1.978s] gmake[2]: *** [CMakeFiles/cob_stuck_detector.dir/build.make:76: CMakeFiles/cob_stuck_detector.dir/src/stuck_detector.cpp.o] Error 1
[1.978s] gmake[1]: *** [CMakeFiles/Makefile2:87: CMakeFiles/cob_stuck_detector.dir/all] Error 2
[1.978s] gmake[2]: *** [CMakeFiles/cob_spin_detector.dir/build.make:76: CMakeFiles/cob_spin_detector.dir/src/spin_detector.cpp.o] Error 1
[1.978s] gmake[1]: *** Waiting for unfinished jobs....
[1.978s] gmake[1]: *** [CMakeFiles/Makefile2:113: CMakeFiles/cob_spin_detector.dir/all] Error 2
[1.978s] gmake: *** [Makefile:146: all] Error 2
[1.980s] Invoked command in '/ros2-migration/arena/utils/3rd-party-robot-packages/cob4/cob_base_controller_utils/build/cob_base_controller_utils' returned '2': CMAKE_PREFIX_PATH=/opt/ros/humble /usr/bin/cmake --build /ros2-migration/arena/utils/3rd-party-robot-packages/cob4/cob_base_controller_utils/build/cob_base_controller_utils -- -j8 -l8
