[  2%] [34m[1mGenerating C code for ROS interfaces[0m
[  5%] [34m[1mGenerating C++ code for ROS interfaces[0m
[  5%] Built target ament_cmake_python_copy_cob_base_controller_utils
[  8%] [32mBuilding CXX object CMakeFiles/cob_spin_detector.dir/src/spin_detector.cpp.o[0m
[ 11%] [32mBuilding CXX object CMakeFiles/cob_stuck_detector.dir/src/stuck_detector.cpp.o[0m
[01m[K/ros2-migration/arena/utils/3rd-party-robot-packages/cob4/cob_base_controller_utils/src/spin_detector.cpp:18:10:[m[K [01;31m[Kfatal error: [m[Kcob_base_controller_utils/WheelCommands.h: No such file or directory
   18 | #include [01;31m[K<cob_base_controller_utils/WheelCommands.h>[m[K
      |          [01;31m[K^~~~~~~~~~~~~~~~~~~~~~~~~~~~~~~~~~~~~~~~~~~[m[K
compilation terminated.
gmake[2]: *** [CMakeFiles/cob_spin_detector.dir/build.make:76: CMakeFiles/cob_spin_detector.dir/src/spin_detector.cpp.o] Error 1
gmake[1]: *** [CMakeFiles/Makefile2:210: CMakeFiles/cob_spin_detector.dir/all] Error 2
gmake[1]: *** Waiting for unfinished jobs....
[01m[K/ros2-migration/arena/utils/3rd-party-robot-packages/cob4/cob_base_controller_utils/src/stuck_detector.cpp:19:10:[m[K [01;31m[Kfatal error: [m[Kcob_base_controller_utils/WheelCommands.h: No such file or directory
   19 | #include [01;31m[K<cob_base_controller_utils/WheelCommands.h>[m[K
      |          [01;31m[K^~~~~~~~~~~~~~~~~~~~~~~~~~~~~~~~~~~~~~~~~~~[m[K
compilation terminated.
gmake[2]: *** [CMakeFiles/cob_stuck_detector.dir/build.make:76: CMakeFiles/cob_stuck_detector.dir/src/stuck_detector.cpp.o] Error 1
gmake[1]: *** [CMakeFiles/Makefile2:184: CMakeFiles/cob_stuck_detector.dir/all] Error 2
running egg_info
creating cob_base_controller_utils.egg-info
writing cob_base_controller_utils.egg-info/PKG-INFO
writing dependency_links to cob_base_controller_utils.egg-info/dependency_links.txt
writing top-level names to cob_base_controller_utils.egg-info/top_level.txt
writing manifest file 'cob_base_controller_utils.egg-info/SOURCES.txt'
reading manifest file 'cob_base_controller_utils.egg-info/SOURCES.txt'
writing manifest file 'cob_base_controller_utils.egg-info/SOURCES.txt'
[ 11%] Built target cob_base_controller_utils__cpp
[ 14%] [32mBuilding C object CMakeFiles/cob_base_controller_utils__rosidl_generator_c.dir/rosidl_generator_c/cob_base_controller_utils/msg/detail/wheel_commands__functions.c.o[0m
[ 14%] Built target ament_cmake_python_build_cob_base_controller_utils_egg
[ 17%] [32m[1mLinking C shared library libcob_base_controller_utils__rosidl_generator_c.so[0m
[ 17%] Built target cob_base_controller_utils__rosidl_generator_c
gmake: *** [Makefile:146: all] Error 2
