[0.038s] Invoking command in '/ros2-migration/build/cob_base_controller_utils': CMAKE_PREFIX_PATH=/opt/ros/humble /usr/bin/cmake --build /ros2-migration/build/cob_base_controller_utils -- -j8 -l8
[0.126s] [  2%] [34m[1mGenerating C code for ROS interfaces[0m
[0.198s] [  5%] [34m[1mGenerating C++ code for ROS interfaces[0m
[0.205s] [  5%] Built target ament_cmake_python_copy_cob_base_controller_utils
[0.246s] [  8%] [32mBuilding CXX object CMakeFiles/cob_spin_detector.dir/src/spin_detector.cpp.o[0m
[0.268s] [ 11%] [32mBuilding CXX object CMakeFiles/cob_stuck_detector.dir/src/stuck_detector.cpp.o[0m
[0.434s] [01m[K/ros2-migration/arena/utils/3rd-party-robot-packages/cob4/cob_base_controller_utils/src/spin_detector.cpp:18:10:[m[K [01;31m[Kfatal error: [m[Kcob_base_controller_utils/WheelCommands.h: No such file or directory
[0.434s]    18 | #include [01;31m[K<cob_base_controller_utils/WheelCommands.h>[m[K
[0.435s]       |          [01;31m[K^~~~~~~~~~~~~~~~~~~~~~~~~~~~~~~~~~~~~~~~~~~[m[K
[0.435s] compilation terminated.
[0.444s] gmake[2]: *** [CMakeFiles/cob_spin_detector.dir/build.make:76: CMakeFiles/cob_spin_detector.dir/src/spin_detector.cpp.o] Error 1
[0.444s] gmake[1]: *** [CMakeFiles/Makefile2:210: CMakeFiles/cob_spin_detector.dir/all] Error 2
[0.444s] gmake[1]: *** Waiting for unfinished jobs....
[0.495s] [01m[K/ros2-migration/arena/utils/3rd-party-robot-packages/cob4/cob_base_controller_utils/src/stuck_detector.cpp:19:10:[m[K [01;31m[Kfatal error: [m[Kcob_base_controller_utils/WheelCommands.h: No such file or directory
[0.495s]    19 | #include [01;31m[K<cob_base_controller_utils/WheelCommands.h>[m[K
[0.495s]       |          [01;31m[K^~~~~~~~~~~~~~~~~~~~~~~~~~~~~~~~~~~~~~~~~~~[m[K
[0.495s] compilation terminated.
[0.496s] gmake[2]: *** [CMakeFiles/cob_stuck_detector.dir/build.make:76: CMakeFiles/cob_stuck_detector.dir/src/stuck_detector.cpp.o] Error 1
[0.497s] gmake[1]: *** [CMakeFiles/Makefile2:184: CMakeFiles/cob_stuck_detector.dir/all] Error 2
[0.715s] running egg_info
[0.720s] creating cob_base_controller_utils.egg-info
[0.739s] writing cob_base_controller_utils.egg-info/PKG-INFO
[0.740s] writing dependency_links to cob_base_controller_utils.egg-info/dependency_links.txt
[0.740s] writing top-level names to cob_base_controller_utils.egg-info/top_level.txt
[0.740s] writing manifest file 'cob_base_controller_utils.egg-info/SOURCES.txt'
[0.803s] reading manifest file 'cob_base_controller_utils.egg-info/SOURCES.txt'
[0.804s] writing manifest file 'cob_base_controller_utils.egg-info/SOURCES.txt'
[0.831s] [ 11%] Built target cob_base_controller_utils__cpp
[0.839s] [ 14%] [32mBuilding C object CMakeFiles/cob_base_controller_utils__rosidl_generator_c.dir/rosidl_generator_c/cob_base_controller_utils/msg/detail/wheel_commands__functions.c.o[0m
[0.864s] [ 14%] Built target ament_cmake_python_build_cob_base_controller_utils_egg
[1.224s] [ 17%] [32m[1mLinking C shared library libcob_base_controller_utils__rosidl_generator_c.so[0m
[1.322s] [ 17%] Built target cob_base_controller_utils__rosidl_generator_c
[1.323s] gmake: *** [Makefile:146: all] Error 2
