[0.039s] Invoking command in '/ros2-migration/build/cob_base_controller_utils': /usr/bin/cmake --build /ros2-migration/build/cob_base_controller_utils -- -j8 -l8
[0.151s] [ 25%] [32mBuilding CXX object CMakeFiles/cob_stuck_detector.dir/src/stuck_detector.cpp.o[0m
[0.156s] [ 50%] [32mBuilding CXX object CMakeFiles/cob_spin_detector.dir/src/spin_detector.cpp.o[0m
[0.160s] [01m[K/ros2-migration/arena/utils/3rd-party-robot-packages/cob4/cob_base_controller_utils/src/stuck_detector.cpp:18:10:[m[K [01;31m[Kfatal error: [m[Kstd_srvs/srv/Trigger.hpp: No such file or directory
[0.162s]    18 | #include [01;31m[K<std_srvs/srv/Trigger.hpp>[m[K
[0.162s]       |          [01;31m[K^~~~~~~~~~~~~~~~~~~~~~~~~~[m[K
[0.162s] compilation terminated.
[0.163s] gmake[2]: *** [CMakeFiles/cob_stuck_detector.dir/build.make:76: CMakeFiles/cob_stuck_detector.dir/src/stuck_detector.cpp.o] Error 1
[0.164s] gmake[1]: *** [CMakeFiles/Makefile2:87: CMakeFiles/cob_stuck_detector.dir/all] Error 2
[0.164s] gmake[1]: *** Waiting for unfinished jobs....
[0.175s] [01m[K/ros2-migration/arena/utils/3rd-party-robot-packages/cob4/cob_base_controller_utils/src/spin_detector.cpp:18:10:[m[K [01;31m[Kfatal error: [m[Kstd_srvs/srv/Trigger.hpp: No such file or directory
[0.175s]    18 | #include [01;31m[K<std_srvs/srv/Trigger.hpp>[m[K
[0.175s]       |          [01;31m[K^~~~~~~~~~~~~~~~~~~~~~~~~~[m[K
[0.175s] compilation terminated.
[0.176s] gmake[2]: *** [CMakeFiles/cob_spin_detector.dir/build.make:76: CMakeFiles/cob_spin_detector.dir/src/spin_detector.cpp.o] Error 1
[0.178s] gmake[1]: *** [CMakeFiles/Makefile2:113: CMakeFiles/cob_spin_detector.dir/all] Error 2
[0.178s] gmake: *** [Makefile:146: all] Error 2
