[0.043s] Invoking command in '/ros2-migration/build/cob_control_msgs': /usr/bin/cmake --build /ros2-migration/build/cob_control_msgs -- -j8 -l8
[0.122s] [  2%] Built target cob_control_msgs__cpp
[0.144s] [  4%] [32mBuilding C object CMakeFiles/cob_control_msgs__rosidl_generator_c.dir/rosidl_generator_c/cob_control_msgs/msg/detail/obstacle_distance__functions.c.o[0m
[0.157s] [  4%] Built target ament_cmake_python_copy_cob_control_msgs
[0.160s] [  6%] [32mBuilding CXX object CMakeFiles/cob_control_msgs__rosidl_typesupport_cpp.dir/rosidl_typesupport_cpp/cob_control_msgs/msg/obstacle_distance__type_support.cpp.o[0m
[0.161s] [  8%] [32mBuilding C object CMakeFiles/cob_control_msgs__rosidl_generator_c.dir/rosidl_generator_c/cob_control_msgs/msg/detail/obstacle_distances__functions.c.o[0m
[0.163s] [ 10%] [32mBuilding CXX object CMakeFiles/cob_control_msgs__rosidl_typesupport_cpp.dir/rosidl_typesupport_cpp/cob_control_msgs/msg/obstacle_distances__type_support.cpp.o[0m
[0.168s] In file included from [01m[K/ros2-migration/build/cob_control_msgs/rosidl_generator_c/cob_control_msgs/msg/detail/obstacle_distance__functions.h:19[m[K,
[0.168s]                  from [01m[K/ros2-migration/build/cob_control_msgs/rosidl_generator_c/cob_control_msgs/msg/detail/obstacle_distance__functions.c:4[m[K:
[0.168s] [01m[K/ros2-migration/build/cob_control_msgs/rosidl_generator_c/cob_control_msgs/msg/detail/obstacle_distance__struct.h:22:10:[m[K [01;31m[Kfatal error: [m[Kcob_control_msgs/msg/detail/header__struct.h: No such file or directory
[0.168s]    22 | #include [01;31m[K"cob_control_msgs/msg/detail/header__struct.h"[m[K
[0.168s]       |          [01;31m[K^~~~~~~~~~~~~~~~~~~~~~~~~~~~~~~~~~~~~~~~~~~~~~[m[K
[0.168s] compilation terminated.
[0.169s] gmake[2]: *** [CMakeFiles/cob_control_msgs__rosidl_generator_c.dir/build.make:198: CMakeFiles/cob_control_msgs__rosidl_generator_c.dir/rosidl_generator_c/cob_control_msgs/msg/detail/obstacle_distance__functions.c.o] Error 1
[0.169s] gmake[2]: *** Waiting for unfinished jobs....
[0.173s] [ 12%] [32mBuilding CXX object CMakeFiles/cob_control_msgs__rosidl_typesupport_fastrtps_cpp.dir/rosidl_typesupport_fastrtps_cpp/cob_control_msgs/msg/detail/dds_fastrtps/obstacle_distance__type_support.cpp.o[0m
[0.174s] [ 14%] [32mBuilding CXX object CMakeFiles/cob_control_msgs__rosidl_typesupport_fastrtps_cpp.dir/rosidl_typesupport_fastrtps_cpp/cob_control_msgs/msg/detail/dds_fastrtps/obstacle_distances__type_support.cpp.o[0m
[0.178s] In file included from [01m[K/ros2-migration/build/cob_control_msgs/rosidl_generator_c/cob_control_msgs/msg/detail/obstacle_distances__struct.h:22[m[K,
[0.179s]                  from [01m[K/ros2-migration/build/cob_control_msgs/rosidl_generator_c/cob_control_msgs/msg/detail/obstacle_distances__functions.h:19[m[K,
[0.179s]                  from [01m[K/ros2-migration/build/cob_control_msgs/rosidl_generator_c/cob_control_msgs/msg/detail/obstacle_distances__functions.c:4[m[K:
[0.179s] [01m[K/ros2-migration/build/cob_control_msgs/rosidl_generator_c/cob_control_msgs/msg/detail/obstacle_distance__struct.h:22:10:[m[K [01;31m[Kfatal error: [m[Kcob_control_msgs/msg/detail/header__struct.h: No such file or directory
[0.179s]    22 | #include [01;31m[K"cob_control_msgs/msg/detail/header__struct.h"[m[K
[0.179s]       |          [01;31m[K^~~~~~~~~~~~~~~~~~~~~~~~~~~~~~~~~~~~~~~~~~~~~~[m[K
[0.179s] compilation terminated.
[0.180s] gmake[2]: *** [CMakeFiles/cob_control_msgs__rosidl_generator_c.dir/build.make:212: CMakeFiles/cob_control_msgs__rosidl_generator_c.dir/rosidl_generator_c/cob_control_msgs/msg/detail/obstacle_distances__functions.c.o] Error 1
[0.181s] gmake[1]: *** [CMakeFiles/Makefile2:213: CMakeFiles/cob_control_msgs__rosidl_generator_c.dir/all] Error 2
[0.181s] gmake[1]: *** Waiting for unfinished jobs....
[0.181s] [ 17%] [32mBuilding CXX object CMakeFiles/cob_control_msgs__rosidl_typesupport_introspection_cpp.dir/rosidl_typesupport_introspection_cpp/cob_control_msgs/msg/detail/obstacle_distance__type_support.cpp.o[0m
[0.200s] [ 19%] [32mBuilding CXX object CMakeFiles/cob_control_msgs__rosidl_typesupport_introspection_cpp.dir/rosidl_typesupport_introspection_cpp/cob_control_msgs/msg/detail/obstacle_distances__type_support.cpp.o[0m
[0.229s] In file included from [01m[K/ros2-migration/build/cob_control_msgs/rosidl_typesupport_cpp/cob_control_msgs/msg/obstacle_distance__type_support.cpp:7[m[K:
[0.230s] [01m[K/ros2-migration/build/cob_control_msgs/rosidl_generator_cpp/cob_control_msgs/msg/detail/obstacle_distance__struct.hpp:20:10:[m[K [01;31m[Kfatal error: [m[Kcob_control_msgs/msg/detail/header__struct.hpp: No such file or directory
[0.230s]    20 | #include [01;31m[K"cob_control_msgs/msg/detail/header__struct.hpp"[m[K
[0.230s]       |          [01;31m[K^~~~~~~~~~~~~~~~~~~~~~~~~~~~~~~~~~~~~~~~~~~~~~~~[m[K
[0.231s] In file included from [01m[K/ros2-migration/build/cob_control_msgs/rosidl_generator_cpp/cob_control_msgs/msg/detail/obstacle_distances__struct.hpp:20[m[K,
[0.231s]                  from [01m[K/ros2-migration/build/cob_control_msgs/rosidl_typesupport_cpp/cob_control_msgs/msg/obstacle_distances__type_support.cpp:7[m[K:
[0.231s] [01m[K/ros2-migration/build/cob_control_msgs/rosidl_generator_cpp/cob_control_msgs/msg/detail/obstacle_distance__struct.hpp:20:10:[m[K [01;31m[Kfatal error: [m[Kcob_control_msgs/msg/detail/header__struct.hpp: No such file or directory
[0.231s]    20 | #include [01;31m[K"cob_control_msgs/msg/detail/header__struct.hpp"[m[K
[0.231s]       |          [01;31m[K^~~~~~~~~~~~~~~~~~~~~~~~~~~~~~~~~~~~~~~~~~~~~~~~[m[K
[0.231s] compilation terminated.
[0.233s] gmake[2]: *** [CMakeFiles/cob_control_msgs__rosidl_typesupport_cpp.dir/build.make:169: CMakeFiles/cob_control_msgs__rosidl_typesupport_cpp.dir/rosidl_typesupport_cpp/cob_control_msgs/msg/obstacle_distances__type_support.cpp.o] Error 1
[0.233s] gmake[2]: *** Waiting for unfinished jobs....
[0.233s] compilation terminated.
[0.236s] gmake[2]: *** [CMakeFiles/cob_control_msgs__rosidl_typesupport_cpp.dir/build.make:155: CMakeFiles/cob_control_msgs__rosidl_typesupport_cpp.dir/rosidl_typesupport_cpp/cob_control_msgs/msg/obstacle_distance__type_support.cpp.o] Error 1
[0.236s] gmake[1]: *** [CMakeFiles/Makefile2:395: CMakeFiles/cob_control_msgs__rosidl_typesupport_cpp.dir/all] Error 2
[0.239s] In file included from [01m[K/ros2-migration/build/cob_control_msgs/rosidl_typesupport_fastrtps_cpp/cob_control_msgs/msg/detail/obstacle_distance__rosidl_typesupport_fastrtps_cpp.hpp:11[m[K,
[0.239s]                  from [01m[K/ros2-migration/build/cob_control_msgs/rosidl_typesupport_fastrtps_cpp/cob_control_msgs/msg/detail/dds_fastrtps/obstacle_distance__type_support.cpp:4[m[K:
[0.239s] [01m[K/ros2-migration/build/cob_control_msgs/rosidl_generator_cpp/cob_control_msgs/msg/detail/obstacle_distance__struct.hpp:20:10:[m[K [01;31m[Kfatal error: [m[Kcob_control_msgs/msg/detail/header__struct.hpp: No such file or directory
[0.239s]    20 | #include [01;31m[K"cob_control_msgs/msg/detail/header__struct.hpp"[m[K
[0.239s]       |          [01;31m[K^~~~~~~~~~~~~~~~~~~~~~~~~~~~~~~~~~~~~~~~~~~~~~~~[m[K
[0.239s] compilation terminated.
[0.241s] gmake[2]: *** [CMakeFiles/cob_control_msgs__rosidl_typesupport_fastrtps_cpp.dir/build.make:166: CMakeFiles/cob_control_msgs__rosidl_typesupport_fastrtps_cpp.dir/rosidl_typesupport_fastrtps_cpp/cob_control_msgs/msg/detail/dds_fastrtps/obstacle_distance__type_support.cpp.o] Error 1
[0.241s] gmake[2]: *** Waiting for unfinished jobs....
[0.249s] In file included from [01m[K/ros2-migration/build/cob_control_msgs/rosidl_generator_cpp/cob_control_msgs/msg/detail/obstacle_distances__struct.hpp:20[m[K,
[0.249s]                  from [01m[K/ros2-migration/build/cob_control_msgs/rosidl_typesupport_fastrtps_cpp/cob_control_msgs/msg/detail/obstacle_distances__rosidl_typesupport_fastrtps_cpp.hpp:11[m[K,
[0.249s]                  from [01m[K/ros2-migration/build/cob_control_msgs/rosidl_typesupport_fastrtps_cpp/cob_control_msgs/msg/detail/dds_fastrtps/obstacle_distances__type_support.cpp:4[m[K:
[0.249s] [01m[K/ros2-migration/build/cob_control_msgs/rosidl_generator_cpp/cob_control_msgs/msg/detail/obstacle_distance__struct.hpp:20:10:[m[K [01;31m[Kfatal error: [m[Kcob_control_msgs/msg/detail/header__struct.hpp: No such file or directory
[0.249s]    20 | #include [01;31m[K"cob_control_msgs/msg/detail/header__struct.hpp"[m[K
[0.249s]       |          [01;31m[K^~~~~~~~~~~~~~~~~~~~~~~~~~~~~~~~~~~~~~~~~~~~~~~~[m[K
[0.249s] compilation terminated.
[0.250s] gmake[2]: *** [CMakeFiles/cob_control_msgs__rosidl_typesupport_fastrtps_cpp.dir/build.make:180: CMakeFiles/cob_control_msgs__rosidl_typesupport_fastrtps_cpp.dir/rosidl_typesupport_fastrtps_cpp/cob_control_msgs/msg/detail/dds_fastrtps/obstacle_distances__type_support.cpp.o] Error 1
[0.250s] gmake[1]: *** [CMakeFiles/Makefile2:291: CMakeFiles/cob_control_msgs__rosidl_typesupport_fastrtps_cpp.dir/all] Error 2
[0.251s] In file included from [01m[K/ros2-migration/build/cob_control_msgs/rosidl_typesupport_introspection_cpp/cob_control_msgs/msg/detail/obstacle_distance__type_support.cpp:12[m[K:
[0.252s] [01m[K/ros2-migration/build/cob_control_msgs/rosidl_generator_cpp/cob_control_msgs/msg/detail/obstacle_distance__struct.hpp:20:10:[m[K [01;31m[Kfatal error: [m[Kcob_control_msgs/msg/detail/header__struct.hpp: No such file or directory
[0.252s]    20 | #include [01;31m[K"cob_control_msgs/msg/detail/header__struct.hpp"[m[K
[0.252s]       |          [01;31m[K^~~~~~~~~~~~~~~~~~~~~~~~~~~~~~~~~~~~~~~~~~~~~~~~[m[K
[0.252s] compilation terminated.
[0.253s] gmake[2]: *** [CMakeFiles/cob_control_msgs__rosidl_typesupport_introspection_cpp.dir/build.make:166: CMakeFiles/cob_control_msgs__rosidl_typesupport_introspection_cpp.dir/rosidl_typesupport_introspection_cpp/cob_control_msgs/msg/detail/obstacle_distance__type_support.cpp.o] Error 1
[0.253s] gmake[2]: *** Waiting for unfinished jobs....
[0.287s] In file included from [01m[K/ros2-migration/build/cob_control_msgs/rosidl_generator_cpp/cob_control_msgs/msg/detail/obstacle_distances__struct.hpp:20[m[K,
[0.287s]                  from [01m[K/ros2-migration/build/cob_control_msgs/rosidl_typesupport_introspection_cpp/cob_control_msgs/msg/detail/obstacle_distances__type_support.cpp:12[m[K:
[0.287s] [01m[K/ros2-migration/build/cob_control_msgs/rosidl_generator_cpp/cob_control_msgs/msg/detail/obstacle_distance__struct.hpp:20:10:[m[K [01;31m[Kfatal error: [m[Kcob_control_msgs/msg/detail/header__struct.hpp: No such file or directory
[0.288s]    20 | #include [01;31m[K"cob_control_msgs/msg/detail/header__struct.hpp"[m[K
[0.288s]       |          [01;31m[K^~~~~~~~~~~~~~~~~~~~~~~~~~~~~~~~~~~~~~~~~~~~~~~~[m[K
[0.288s] compilation terminated.
[0.289s] gmake[2]: *** [CMakeFiles/cob_control_msgs__rosidl_typesupport_introspection_cpp.dir/build.make:180: CMakeFiles/cob_control_msgs__rosidl_typesupport_introspection_cpp.dir/rosidl_typesupport_introspection_cpp/cob_control_msgs/msg/detail/obstacle_distances__type_support.cpp.o] Error 1
[0.290s] gmake[1]: *** [CMakeFiles/Makefile2:369: CMakeFiles/cob_control_msgs__rosidl_typesupport_introspection_cpp.dir/all] Error 2
[0.355s] running egg_info
[0.365s] writing cob_control_msgs.egg-info/PKG-INFO
[0.365s] writing dependency_links to cob_control_msgs.egg-info/dependency_links.txt
[0.365s] writing top-level names to cob_control_msgs.egg-info/top_level.txt
[0.390s] reading manifest file 'cob_control_msgs.egg-info/SOURCES.txt'
[0.391s] writing manifest file 'cob_control_msgs.egg-info/SOURCES.txt'
[0.416s] [ 19%] Built target ament_cmake_python_build_cob_control_msgs_egg
[0.417s] gmake: *** [Makefile:146: all] Error 2
