-- Found ament_cmake: 1.3.8 (/opt/ros/humble/share/ament_cmake/cmake)
-- Found rviz_common: 11.2.12 (/opt/ros/humble/share/rviz_common/cmake)
-- Setting OGRE_DIR to: '/opt/ros/humble/share/rviz_ogre_vendor/cmake/../../../opt/rviz_ogre_vendor/lib/OGRE/cmake'
-- Found OGRE
--   static     : OFF
--   components : HLMS;MeshLodGenerator;Overlay;Paging;Property;RTShaderSystem;Terrain;Volume
--   plugins    : Plugin_BSPSceneManager;Plugin_OctreeSceneManager;Plugin_PCZSceneManager;Plugin_ParticleFX;RenderSystem_GL;RenderSystem_GL3Plus;Codec_STBI
--   media      : /opt/ros/humble/opt/rviz_ogre_vendor/share/OGRE/Media
-- OGRE_LIBRARIES: OgreHLMS;OgreMeshLodGenerator;OgreOverlay;OgrePaging;OgreProperty;OgreRTShaderSystem;OgreTerrain;OgreVolume;OgreMain
-- OGRE_LIBRARY_DIRS: /opt/ros/humble/opt/rviz_ogre_vendor/lib
-- OGRE_PLUGINS: Plugin_BSPSceneManager;Plugin_OctreeSceneManager;Plugin_PCZSceneManager;Plugin_ParticleFX;RenderSystem_GL;RenderSystem_GL3Plus;Codec_STBI
-- OGRE_PLUGIN_DIR: /opt/ros/humble/opt/rviz_ogre_vendor/lib/OGRE
-- rviz_ogre_vendor::OgreOverlay for IMPORTED_LOCATION_RELEASE: /opt/ros/humble/opt/rviz_ogre_vendor/lib/libOgreOverlay.so
-- rviz_ogre_vendor::OgreOverlay for IMPORTED_LOCATION_DEBUG: /opt/ros/humble/opt/rviz_ogre_vendor/lib/libOgreOverlay.so
-- rviz_ogre_vendor::OgreMain for IMPORTED_LOCATION_RELEASE: /opt/ros/humble/opt/rviz_ogre_vendor/lib/libOgreMain.so
-- rviz_ogre_vendor::OgreMain for IMPORTED_LOCATION_DEBUG: /opt/ros/humble/opt/rviz_ogre_vendor/lib/libOgreMain.so
-- Could not find freeimage library
-- rviz_ogre_vendor::RenderSystem_GL for IMPORTED_LOCATION_RELEASE: _render_system_gl_static_library_abs-NOTFOUND
-- rviz_ogre_vendor::RenderSystem_GL for IMPORTED_LOCATION_DEBUG: _render_system_gl_static_library_abs-NOTFOUND
-- library: /usr/lib/x86_64-linux-gnu/libcurl.so
-- Found rosidl_generator_c: 3.1.5 (/opt/ros/humble/share/rosidl_generator_c/cmake)
-- Found rosidl_adapter: 3.1.5 (/opt/ros/humble/share/rosidl_adapter/cmake)
-- Found rosidl_generator_cpp: 3.1.5 (/opt/ros/humble/share/rosidl_generator_cpp/cmake)
-- Using all available rosidl_typesupport_c: rosidl_typesupport_fastrtps_c;rosidl_typesupport_introspection_c
-- Using all available rosidl_typesupport_cpp: rosidl_typesupport_fastrtps_cpp;rosidl_typesupport_introspection_cpp
-- Found rmw_implementation_cmake: 6.1.1 (/opt/ros/humble/share/rmw_implementation_cmake/cmake)
-- Found rmw_fastrtps_cpp: 6.2.6 (/opt/ros/humble/share/rmw_fastrtps_cpp/cmake)
-- Found TinyXML2 via Config file: TinyXML2_DIR-NOTFOUND
-- Found TinyXML2 via Config file: TinyXML2_DIR-NOTFOUND
-- Found TinyXML2 via Config file: TinyXML2_DIR-NOTFOUND
-- Found TinyXML2 via Config file: TinyXML2_DIR-NOTFOUND
-- Using RMW implementation 'rmw_fastrtps_cpp' as default
-- Ensuring Eigen3 include directory is part of orocos-kdl CMake target
-- Found rviz_default_plugins: 11.2.12 (/opt/ros/humble/share/rviz_default_plugins/cmake)
-- Configuring done
-- Generating done
-- Build files have been written to: /home/ahmo030/ros2-migration/arena/arena-rosnav/utils/plugins/gazebo_utils/build/gazebo_utils
[ 25%] Generating __/rviz_plugins/src/moc_goal_tool.cpp
[ 25%] Generating __/rviz_plugins/src/moc_task_tool.cpp
/home/ahmo030/ros2-migration/arena/arena-rosnav/utils/plugins/rviz_plugins/src/task_tool.h:55: Note: No relevant classes found. No output generated.
[ 62%] Building CXX object CMakeFiles/gazebo_utils.dir/home/ahmo030/ros2-migration/arena/arena-rosnav/utils/plugins/rviz_plugins/src/pose_tool.cpp.o
[ 62%] Building CXX object CMakeFiles/gazebo_utils.dir/home/ahmo030/ros2-migration/arena/arena-rosnav/utils/plugins/rviz_plugins/src/goal_tool.cpp.o
[ 62%] Building CXX object CMakeFiles/gazebo_utils.dir/home/ahmo030/ros2-migration/arena/arena-rosnav/utils/plugins/rviz_plugins/src/task_tool.cpp.o
[ 87%] Building CXX object CMakeFiles/gazebo_utils.dir/__/rviz_plugins/src/moc_task_tool.cpp.o
[ 87%] Building CXX object CMakeFiles/gazebo_utils.dir/__/rviz_plugins/src/moc_goal_tool.cpp.o
In file included from /home/ahmo030/ros2-migration/arena/arena-rosnav/utils/plugins/rviz_plugins/src/task_tool.cpp:1:
/home/ahmo030/ros2-migration/arena/arena-rosnav/utils/plugins/rviz_plugins/src/task_tool.h:5:10: fatal error: ros/ros.h: No such file or directory
    5 | #include <ros/ros.h>
      |          ^~~~~~~~~~~
/home/ahmo030/ros2-migration/arena/arena-rosnav/utils/plugins/rviz_plugins/src/goal_tool.cpp:30:10: fatal error: tf/transform_listener.h: No such file or directory
   30 | #include <tf/transform_listener.h>
      |          ^~~~~~~~~~~~~~~~~~~~~~~~~
compilation terminated.
compilation terminated.
gmake[2]: *** [CMakeFiles/gazebo_utils.dir/build.make:112: CMakeFiles/gazebo_utils.dir/home/ahmo030/ros2-migration/arena/arena-rosnav/utils/plugins/rviz_plugins/src/task_tool.cpp.o] Error 1
gmake[2]: *** Waiting for unfinished jobs....
gmake[2]: *** [CMakeFiles/gazebo_utils.dir/build.make:98: CMakeFiles/gazebo_utils.dir/home/ahmo030/ros2-migration/arena/arena-rosnav/utils/plugins/rviz_plugins/src/goal_tool.cpp.o] Error 1
In file included from /home/ahmo030/ros2-migration/arena/arena-rosnav/utils/plugins/gazebo_utils/build/gazebo_utils/__/rviz_plugins/src/moc_goal_tool.cpp:10:
/home/ahmo030/ros2-migration/arena/arena-rosnav/utils/plugins/gazebo_utils/build/gazebo_utils/__/rviz_plugins/src/../../../../../../rviz_plugins/src/goal_tool.h:36:11: fatal error: ros/ros.h: No such file or directory
   36 | # include <ros/ros.h>
      |           ^~~~~~~~~~~
compilation terminated.
gmake[2]: *** [CMakeFiles/gazebo_utils.dir/build.make:126: CMakeFiles/gazebo_utils.dir/__/rviz_plugins/src/moc_goal_tool.cpp.o] Error 1
/home/ahmo030/ros2-migration/arena/arena-rosnav/utils/plugins/rviz_plugins/src/pose_tool.cpp:35:10: fatal error: rviz/geometry.h: No such file or directory
   35 | #include "rviz/geometry.h"
      |          ^~~~~~~~~~~~~~~~~
compilation terminated.
gmake[2]: *** [CMakeFiles/gazebo_utils.dir/build.make:84: CMakeFiles/gazebo_utils.dir/home/ahmo030/ros2-migration/arena/arena-rosnav/utils/plugins/rviz_plugins/src/pose_tool.cpp.o] Error 1
gmake[1]: *** [CMakeFiles/Makefile2:137: CMakeFiles/gazebo_utils.dir/all] Error 2
gmake: *** [Makefile:146: all] Error 2
