[0.009s] Invoking command in '/ros2-migration/arena/utils/3rd-party-robot-packages/cob4/cob_base_controller_utils/build/cob_base_controller_utils': CMAKE_PREFIX_PATH=/opt/ros/humble /usr/bin/cmake --build /ros2-migration/arena/utils/3rd-party-robot-packages/cob4/cob_base_controller_utils/build/cob_base_controller_utils -- -j8 -l8
[0.030s] -- Found ament_cmake: 1.3.9 (/opt/ros/humble/share/ament_cmake/cmake)
[0.150s] -- Found std_srvs: 4.2.3 (/opt/ros/humble/share/std_srvs/cmake)
[0.172s] -- Found rosidl_generator_c: 3.1.5 (/opt/ros/humble/share/rosidl_generator_c/cmake)
[0.174s] -- Found rosidl_adapter: 3.1.5 (/opt/ros/humble/share/rosidl_adapter/cmake)
[0.180s] -- Found rosidl_generator_cpp: 3.1.5 (/opt/ros/humble/share/rosidl_generator_cpp/cmake)
[0.191s] -- Using all available rosidl_typesupport_c: rosidl_typesupport_fastrtps_c;rosidl_typesupport_introspection_c
[0.207s] -- Using all available rosidl_typesupport_cpp: rosidl_typesupport_fastrtps_cpp;rosidl_typesupport_introspection_cpp
[0.222s] -- Found rclcpp: 16.0.9 (/opt/ros/humble/share/rclcpp/cmake)
[0.288s] -- Found rmw_implementation_cmake: 6.1.2 (/opt/ros/humble/share/rmw_implementation_cmake/cmake)
[0.289s] -- Found rmw_fastrtps_cpp: 6.2.6 (/opt/ros/humble/share/rmw_fastrtps_cpp/cmake)
[0.402s] -- Using RMW implementation 'rmw_fastrtps_cpp' as default
[0.565s] -- Found geometry_msgs: 4.2.3 (/opt/ros/humble/share/geometry_msgs/cmake)
[0.609s] -- Found rosidl_default_generators: 1.2.0 (/opt/ros/humble/share/rosidl_default_generators/cmake)
[0.616s] -- Found tf2: 0.25.6 (/opt/ros/humble/share/tf2/cmake)
[0.624s] -- Found nav_msgs: 4.2.3 (/opt/ros/humble/share/nav_msgs/cmake)
[0.710s] -- Found urdf: 2.6.0 (/opt/ros/humble/share/urdf/cmake)
[0.806s] -- Configuring done
[1.129s] -- Generating done
[1.131s] -- Build files have been written to: /ros2-migration/arena/utils/3rd-party-robot-packages/cob4/cob_base_controller_utils/build/cob_base_controller_utils
[1.178s] [ 25%] [32mBuilding CXX object CMakeFiles/cob_spin_detector.dir/src/spin_detector.cpp.o[0m
[1.178s] [ 50%] [32mBuilding CXX object CMakeFiles/cob_stuck_detector.dir/src/stuck_detector.cpp.o[0m
[1.263s] [01m[K/ros2-migration/arena/utils/3rd-party-robot-packages/cob4/cob_base_controller_utils/src/stuck_detector.cpp:19:10:[m[K [01;31m[Kfatal error: [m[Kcob_base_controller_utils/WheelCommands.h: No such file or directory
[1.263s]    19 | #include [01;31m[K<cob_base_controller_utils/WheelCommands.h>[m[K
[1.263s]       |          [01;31m[K^~~~~~~~~~~~~~~~~~~~~~~~~~~~~~~~~~~~~~~~~~~[m[K
[1.263s] compilation terminated.
[1.266s] gmake[2]: *** [CMakeFiles/cob_stuck_detector.dir/build.make:76: CMakeFiles/cob_stuck_detector.dir/src/stuck_detector.cpp.o] Error 1
[1.266s] gmake[1]: *** [CMakeFiles/Makefile2:87: CMakeFiles/cob_stuck_detector.dir/all] Error 2
[1.266s] gmake[1]: *** Waiting for unfinished jobs....
[1.266s] [01m[K/ros2-migration/arena/utils/3rd-party-robot-packages/cob4/cob_base_controller_utils/src/spin_detector.cpp:18:10:[m[K [01;31m[Kfatal error: [m[Kcob_base_controller_utils/WheelCommands.h: No such file or directory
[1.266s]    18 | #include [01;31m[K<cob_base_controller_utils/WheelCommands.h>[m[K
[1.267s]       |          [01;31m[K^~~~~~~~~~~~~~~~~~~~~~~~~~~~~~~~~~~~~~~~~~~[m[K
[1.267s] compilation terminated.
[1.278s] gmake[2]: *** [CMakeFiles/cob_spin_detector.dir/build.make:76: CMakeFiles/cob_spin_detector.dir/src/spin_detector.cpp.o] Error 1
[1.278s] gmake[1]: *** [CMakeFiles/Makefile2:113: CMakeFiles/cob_spin_detector.dir/all] Error 2
[1.278s] gmake: *** [Makefile:146: all] Error 2
[1.280s] Invoked command in '/ros2-migration/arena/utils/3rd-party-robot-packages/cob4/cob_base_controller_utils/build/cob_base_controller_utils' returned '2': CMAKE_PREFIX_PATH=/opt/ros/humble /usr/bin/cmake --build /ros2-migration/arena/utils/3rd-party-robot-packages/cob4/cob_base_controller_utils/build/cob_base_controller_utils -- -j8 -l8
