-- Found ament_cmake: 1.3.9 (/opt/ros/humble/share/ament_cmake/cmake)
-- Found std_srvs: 4.2.3 (/opt/ros/humble/share/std_srvs/cmake)
-- Found rosidl_generator_c: 3.1.5 (/opt/ros/humble/share/rosidl_generator_c/cmake)
-- Found rosidl_adapter: 3.1.5 (/opt/ros/humble/share/rosidl_adapter/cmake)
-- Found rosidl_generator_cpp: 3.1.5 (/opt/ros/humble/share/rosidl_generator_cpp/cmake)
-- Using all available rosidl_typesupport_c: rosidl_typesupport_fastrtps_c;rosidl_typesupport_introspection_c
-- Using all available rosidl_typesupport_cpp: rosidl_typesupport_fastrtps_cpp;rosidl_typesupport_introspection_cpp
-- Found rclcpp: 16.0.9 (/opt/ros/humble/share/rclcpp/cmake)
-- Found rmw_implementation_cmake: 6.1.2 (/opt/ros/humble/share/rmw_implementation_cmake/cmake)
-- Found rmw_fastrtps_cpp: 6.2.6 (/opt/ros/humble/share/rmw_fastrtps_cpp/cmake)
-- Using RMW implementation 'rmw_fastrtps_cpp' as default
-- Found geometry_msgs: 4.2.3 (/opt/ros/humble/share/geometry_msgs/cmake)
-- Found rosidl_default_generators: 1.2.0 (/opt/ros/humble/share/rosidl_default_generators/cmake)
-- Found tf2: 0.25.6 (/opt/ros/humble/share/tf2/cmake)
-- Found nav_msgs: 4.2.3 (/opt/ros/humble/share/nav_msgs/cmake)
-- Found urdf: 2.6.0 (/opt/ros/humble/share/urdf/cmake)
-- Found ament_cmake_ros: 0.10.0 (/opt/ros/humble/share/ament_cmake_ros/cmake)
-- Using all available rosidl_typesupport_c: rosidl_typesupport_fastrtps_c;rosidl_typesupport_introspection_c
-- Using all available rosidl_typesupport_cpp: rosidl_typesupport_fastrtps_cpp;rosidl_typesupport_introspection_cpp
-- Found python_cmake_module: 0.10.0 (/opt/ros/humble/share/python_cmake_module/cmake)
-- Using PYTHON_EXECUTABLE: /usr/bin/python3
-- Using PYTHON_INCLUDE_DIRS: /usr/include/python3.10
-- Using PYTHON_LIBRARIES: /usr/lib/x86_64-linux-gnu/libpython3.10.so
-- Configuring done
-- Generating done
-- Build files have been written to: /ros2-migration/build/cob_base_controller_utils
[35m[1mConsolidate compiler generated dependencies of target cob_base_controller_utils__rosidl_generator_c[0m
[  2%] Built target cob_base_controller_utils__cpp
[ 11%] Built target cob_base_controller_utils__rosidl_generator_c
[ 11%] Built target ament_cmake_python_copy_cob_base_controller_utils
[ 14%] [34m[1mGenerating C++ type support dispatch for ROS interfaces[0m
[ 17%] [34m[1mGenerating C++ introspection for ROS interfaces[0m
[ 20%] [34m[1mGenerating C++ type support for eProsima Fast-RTPS[0m
[ 22%] [34m[1mGenerating C type support for eProsima Fast-RTPS[0m
[ 28%] [32mBuilding CXX object CMakeFiles/cob_stuck_detector.dir/src/stuck_detector.cpp.o[0m
[ 28%] [34m[1mGenerating C introspection for ROS interfaces[0m
[ 31%] [32mBuilding CXX object CMakeFiles/cob_spin_detector.dir/src/spin_detector.cpp.o[0m
[ 34%] [34m[1mGenerating C type support dispatch for ROS interfaces[0m
[01m[K/ros2-migration/arena/utils/3rd-party-robot-packages/cob4/cob_base_controller_utils/src/stuck_detector.cpp:19:10:[m[K [01;31m[Kfatal error: [m[Kcob_base_controller_utils/WheelCommands.h: No such file or directory
   19 | #include [01;31m[K<cob_base_controller_utils/WheelCommands.h>[m[K
      |          [01;31m[K^~~~~~~~~~~~~~~~~~~~~~~~~~~~~~~~~~~~~~~~~~~[m[K
compilation terminated.
gmake[2]: *** [CMakeFiles/cob_stuck_detector.dir/build.make:76: CMakeFiles/cob_stuck_detector.dir/src/stuck_detector.cpp.o] Error 1
gmake[1]: *** [CMakeFiles/Makefile2:184: CMakeFiles/cob_stuck_detector.dir/all] Error 2
gmake[1]: *** Waiting for unfinished jobs....
[01m[K/ros2-migration/arena/utils/3rd-party-robot-packages/cob4/cob_base_controller_utils/src/spin_detector.cpp:18:10:[m[K [01;31m[Kfatal error: [m[Kcob_base_controller_utils/WheelCommands.h: No such file or directory
   18 | #include [01;31m[K<cob_base_controller_utils/WheelCommands.h>[m[K
      |          [01;31m[K^~~~~~~~~~~~~~~~~~~~~~~~~~~~~~~~~~~~~~~~~~~[m[K
compilation terminated.
gmake[2]: *** [CMakeFiles/cob_spin_detector.dir/build.make:76: CMakeFiles/cob_spin_detector.dir/src/spin_detector.cpp.o] Error 1
gmake[1]: *** [CMakeFiles/Makefile2:210: CMakeFiles/cob_spin_detector.dir/all] Error 2
[ 37%] [32mBuilding CXX object CMakeFiles/cob_base_controller_utils__rosidl_typesupport_cpp.dir/rosidl_typesupport_cpp/cob_base_controller_utils/msg/wheel_commands__type_support.cpp.o[0m
[ 40%] [32mBuilding CXX object CMakeFiles/cob_base_controller_utils__rosidl_typesupport_introspection_cpp.dir/rosidl_typesupport_introspection_cpp/cob_base_controller_utils/msg/detail/wheel_commands__type_support.cpp.o[0m
[ 42%] [32mBuilding CXX object CMakeFiles/cob_base_controller_utils__rosidl_typesupport_fastrtps_cpp.dir/rosidl_typesupport_fastrtps_cpp/cob_base_controller_utils/msg/detail/dds_fastrtps/wheel_commands__type_support.cpp.o[0m
[ 45%] [32mBuilding C object CMakeFiles/cob_base_controller_utils__rosidl_typesupport_introspection_c.dir/rosidl_typesupport_introspection_c/cob_base_controller_utils/msg/detail/wheel_commands__type_support.c.o[0m
[ 48%] [32mBuilding CXX object CMakeFiles/cob_base_controller_utils__rosidl_typesupport_c.dir/rosidl_typesupport_c/cob_base_controller_utils/msg/wheel_commands__type_support.cpp.o[0m
[ 51%] [32mBuilding CXX object CMakeFiles/cob_base_controller_utils__rosidl_typesupport_fastrtps_c.dir/rosidl_typesupport_fastrtps_c/cob_base_controller_utils/msg/detail/wheel_commands__type_support_c.cpp.o[0m
[ 54%] [32m[1mLinking CXX shared library libcob_base_controller_utils__rosidl_typesupport_c.so[0m
[ 57%] [32m[1mLinking C shared library libcob_base_controller_utils__rosidl_typesupport_introspection_c.so[0m
[ 57%] Built target cob_base_controller_utils__rosidl_typesupport_c
[ 57%] Built target cob_base_controller_utils__rosidl_typesupport_introspection_c
[ 60%] [32m[1mLinking CXX shared library libcob_base_controller_utils__rosidl_typesupport_cpp.so[0m
[ 60%] Built target cob_base_controller_utils__rosidl_typesupport_cpp
[ 62%] [32m[1mLinking CXX shared library libcob_base_controller_utils__rosidl_typesupport_fastrtps_c.so[0m
[ 65%] [32m[1mLinking CXX shared library libcob_base_controller_utils__rosidl_typesupport_introspection_cpp.so[0m
[ 68%] [32m[1mLinking CXX shared library libcob_base_controller_utils__rosidl_typesupport_fastrtps_cpp.so[0m
[ 68%] Built target cob_base_controller_utils__rosidl_typesupport_fastrtps_c
[ 68%] Built target cob_base_controller_utils__rosidl_typesupport_introspection_cpp
[ 68%] Built target cob_base_controller_utils__rosidl_typesupport_fastrtps_cpp
gmake: *** [Makefile:146: all] Error 2
