[0.046s] Invoking command in '/ros2-migration/build/cob_base_controller_utils': CMAKE_PREFIX_PATH=/ros2-migration/install/tiago_controller_configuration:/opt/ros/humble /usr/bin/cmake --build /ros2-migration/build/cob_base_controller_utils -- -j8 -l8
[0.087s] -- Found ament_cmake: 1.3.9 (/opt/ros/humble/share/ament_cmake/cmake)
[0.246s] -- Found std_srvs: 4.2.3 (/opt/ros/humble/share/std_srvs/cmake)
[0.272s] -- Found rosidl_generator_c: 3.1.5 (/opt/ros/humble/share/rosidl_generator_c/cmake)
[0.274s] -- Found rosidl_adapter: 3.1.5 (/opt/ros/humble/share/rosidl_adapter/cmake)
[0.281s] -- Found rosidl_generator_cpp: 3.1.5 (/opt/ros/humble/share/rosidl_generator_cpp/cmake)
[0.297s] -- Using all available rosidl_typesupport_c: rosidl_typesupport_fastrtps_c;rosidl_typesupport_introspection_c
[0.317s] -- Using all available rosidl_typesupport_cpp: rosidl_typesupport_fastrtps_cpp;rosidl_typesupport_introspection_cpp
[0.337s] -- Found rclcpp: 16.0.9 (/opt/ros/humble/share/rclcpp/cmake)
[0.407s] -- Found rmw_implementation_cmake: 6.1.2 (/opt/ros/humble/share/rmw_implementation_cmake/cmake)
[0.408s] -- Found rmw_fastrtps_cpp: 6.2.6 (/opt/ros/humble/share/rmw_fastrtps_cpp/cmake)
[0.524s] -- Using RMW implementation 'rmw_fastrtps_cpp' as default
[0.699s] -- Found geometry_msgs: 4.2.3 (/opt/ros/humble/share/geometry_msgs/cmake)
[0.749s] -- Found rosidl_default_generators: 1.2.0 (/opt/ros/humble/share/rosidl_default_generators/cmake)
[0.757s] -- Found tf2: 0.25.6 (/opt/ros/humble/share/tf2/cmake)
[0.766s] -- Found nav_msgs: 4.2.3 (/opt/ros/humble/share/nav_msgs/cmake)
[0.862s] -- Found urdf: 2.6.0 (/opt/ros/humble/share/urdf/cmake)
[1.198s] -- Found ament_cmake_ros: 0.10.0 (/opt/ros/humble/share/ament_cmake_ros/cmake)
[1.702s] -- Using all available rosidl_typesupport_c: rosidl_typesupport_fastrtps_c;rosidl_typesupport_introspection_c
[1.886s] -- Using all available rosidl_typesupport_cpp: rosidl_typesupport_fastrtps_cpp;rosidl_typesupport_introspection_cpp
[1.909s] -- Found python_cmake_module: 0.10.0 (/opt/ros/humble/share/python_cmake_module/cmake)
[1.933s] -- Using PYTHON_EXECUTABLE: /usr/bin/python3
[1.933s] -- Using PYTHON_INCLUDE_DIRS: /usr/include/python3.10
[1.933s] -- Using PYTHON_LIBRARIES: /usr/lib/x86_64-linux-gnu/libpython3.10.so
[1.988s] -- Configuring done
[2.338s] -- Generating done
[2.342s] -- Build files have been written to: /ros2-migration/build/cob_base_controller_utils
[2.367s] [35m[1mConsolidate compiler generated dependencies of target cob_base_controller_utils__rosidl_generator_c[0m
[2.375s] [  2%] Built target cob_base_controller_utils__cpp
[2.375s] [ 11%] Built target cob_base_controller_utils__rosidl_generator_c
[2.382s] [ 11%] Built target ament_cmake_python_copy_cob_base_controller_utils
[2.382s] [ 14%] [34m[1mGenerating C++ type support dispatch for ROS interfaces[0m
[2.383s] [ 17%] [34m[1mGenerating C++ introspection for ROS interfaces[0m
[2.383s] [ 20%] [34m[1mGenerating C++ type support for eProsima Fast-RTPS[0m
[2.392s] [ 22%] [34m[1mGenerating C type support for eProsima Fast-RTPS[0m
[2.395s] [ 28%] [32mBuilding CXX object CMakeFiles/cob_stuck_detector.dir/src/stuck_detector.cpp.o[0m
[2.396s] [ 28%] [34m[1mGenerating C introspection for ROS interfaces[0m
[2.403s] [ 31%] [32mBuilding CXX object CMakeFiles/cob_spin_detector.dir/src/spin_detector.cpp.o[0m
[2.412s] [ 34%] [34m[1mGenerating C type support dispatch for ROS interfaces[0m
[2.482s] [01m[K/ros2-migration/arena/utils/3rd-party-robot-packages/cob4/cob_base_controller_utils/src/stuck_detector.cpp:19:10:[m[K [01;31m[Kfatal error: [m[Kcob_base_controller_utils/WheelCommands.h: No such file or directory
[2.482s]    19 | #include [01;31m[K<cob_base_controller_utils/WheelCommands.h>[m[K
[2.483s]       |          [01;31m[K^~~~~~~~~~~~~~~~~~~~~~~~~~~~~~~~~~~~~~~~~~~[m[K
[2.483s] compilation terminated.
[2.484s] gmake[2]: *** [CMakeFiles/cob_stuck_detector.dir/build.make:76: CMakeFiles/cob_stuck_detector.dir/src/stuck_detector.cpp.o] Error 1
[2.484s] gmake[1]: *** [CMakeFiles/Makefile2:184: CMakeFiles/cob_stuck_detector.dir/all] Error 2
[2.484s] gmake[1]: *** Waiting for unfinished jobs....
[2.491s] [01m[K/ros2-migration/arena/utils/3rd-party-robot-packages/cob4/cob_base_controller_utils/src/spin_detector.cpp:18:10:[m[K [01;31m[Kfatal error: [m[Kcob_base_controller_utils/WheelCommands.h: No such file or directory
[2.491s]    18 | #include [01;31m[K<cob_base_controller_utils/WheelCommands.h>[m[K
[2.491s]       |          [01;31m[K^~~~~~~~~~~~~~~~~~~~~~~~~~~~~~~~~~~~~~~~~~~[m[K
[2.492s] compilation terminated.
[2.493s] gmake[2]: *** [CMakeFiles/cob_spin_detector.dir/build.make:76: CMakeFiles/cob_spin_detector.dir/src/spin_detector.cpp.o] Error 1
[2.493s] gmake[1]: *** [CMakeFiles/Makefile2:210: CMakeFiles/cob_spin_detector.dir/all] Error 2
[2.649s] [ 37%] [32mBuilding CXX object CMakeFiles/cob_base_controller_utils__rosidl_typesupport_cpp.dir/rosidl_typesupport_cpp/cob_base_controller_utils/msg/wheel_commands__type_support.cpp.o[0m
[2.660s] [ 40%] [32mBuilding CXX object CMakeFiles/cob_base_controller_utils__rosidl_typesupport_introspection_cpp.dir/rosidl_typesupport_introspection_cpp/cob_base_controller_utils/msg/detail/wheel_commands__type_support.cpp.o[0m
[2.672s] [ 42%] [32mBuilding CXX object CMakeFiles/cob_base_controller_utils__rosidl_typesupport_fastrtps_cpp.dir/rosidl_typesupport_fastrtps_cpp/cob_base_controller_utils/msg/detail/dds_fastrtps/wheel_commands__type_support.cpp.o[0m
[2.673s] [ 45%] [32mBuilding C object CMakeFiles/cob_base_controller_utils__rosidl_typesupport_introspection_c.dir/rosidl_typesupport_introspection_c/cob_base_controller_utils/msg/detail/wheel_commands__type_support.c.o[0m
[2.703s] [ 48%] [32mBuilding CXX object CMakeFiles/cob_base_controller_utils__rosidl_typesupport_c.dir/rosidl_typesupport_c/cob_base_controller_utils/msg/wheel_commands__type_support.cpp.o[0m
[2.708s] [ 51%] [32mBuilding CXX object CMakeFiles/cob_base_controller_utils__rosidl_typesupport_fastrtps_c.dir/rosidl_typesupport_fastrtps_c/cob_base_controller_utils/msg/detail/wheel_commands__type_support_c.cpp.o[0m
[2.732s] [ 54%] [32m[1mLinking CXX shared library libcob_base_controller_utils__rosidl_typesupport_c.so[0m
[2.745s] [ 57%] [32m[1mLinking C shared library libcob_base_controller_utils__rosidl_typesupport_introspection_c.so[0m
[2.773s] [ 57%] Built target cob_base_controller_utils__rosidl_typesupport_c
[2.791s] [ 57%] Built target cob_base_controller_utils__rosidl_typesupport_introspection_c
[2.935s] [ 60%] [32m[1mLinking CXX shared library libcob_base_controller_utils__rosidl_typesupport_cpp.so[0m
[2.972s] [ 60%] Built target cob_base_controller_utils__rosidl_typesupport_cpp
[3.039s] [ 62%] [32m[1mLinking CXX shared library libcob_base_controller_utils__rosidl_typesupport_fastrtps_c.so[0m
[3.075s] [ 65%] [32m[1mLinking CXX shared library libcob_base_controller_utils__rosidl_typesupport_introspection_cpp.so[0m
[3.115s] [ 68%] [32m[1mLinking CXX shared library libcob_base_controller_utils__rosidl_typesupport_fastrtps_cpp.so[0m
[3.126s] [ 68%] Built target cob_base_controller_utils__rosidl_typesupport_fastrtps_c
[3.151s] [ 68%] Built target cob_base_controller_utils__rosidl_typesupport_introspection_cpp
[3.181s] [ 68%] Built target cob_base_controller_utils__rosidl_typesupport_fastrtps_cpp
[3.182s] gmake: *** [Makefile:146: all] Error 2
