[0.021s] Invoking command in '/ros2-migration/build/cob_control_msgs': /usr/bin/cmake --build /ros2-migration/build/cob_control_msgs -- -j8 -l8
[0.108s] [  2%] [32mBuilding C object CMakeFiles/cob_control_msgs__rosidl_generator_c.dir/rosidl_generator_c/cob_control_msgs/msg/detail/obstacle_distances__functions.c.o[0m
[0.109s] [  4%] Built target cob_control_msgs__cpp
[0.114s] [  6%] [32mBuilding C object CMakeFiles/cob_control_msgs__rosidl_generator_c.dir/rosidl_generator_c/cob_control_msgs/msg/detail/obstacle_distance__functions.c.o[0m
[0.148s] In file included from [01m[K/ros2-migration/build/cob_control_msgs/rosidl_generator_c/cob_control_msgs/msg/detail/obstacle_distances__struct.h:22[m[K,
[0.148s]                  from [01m[K/ros2-migration/build/cob_control_msgs/rosidl_generator_c/cob_control_msgs/msg/detail/obstacle_distances__functions.h:19[m[K,
[0.148s]                  from [01m[K/ros2-migration/build/cob_control_msgs/rosidl_generator_c/cob_control_msgs/msg/detail/obstacle_distances__functions.c:4[m[K:
[0.148s] [01m[K/ros2-migration/build/cob_control_msgs/rosidl_generator_c/cob_control_msgs/msg/detail/obstacle_distance__struct.h:22:10:[m[K [01;31m[Kfatal error: [m[Kcob_control_msgs/msg/detail/header__struct.h: No such file or directory
[0.148s]    22 | #include [01;31m[K"cob_control_msgs/msg/detail/header__struct.h"[m[K
[0.148s]       |          [01;31m[K^~~~~~~~~~~~~~~~~~~~~~~~~~~~~~~~~~~~~~~~~~~~~~[m[K
[0.148s] compilation terminated.
[0.149s] [  8%] [32mBuilding CXX object CMakeFiles/cob_control_msgs__rosidl_typesupport_cpp.dir/rosidl_typesupport_cpp/cob_control_msgs/msg/obstacle_distance__type_support.cpp.o[0m
[0.150s] gmake[2]: *** [CMakeFiles/cob_control_msgs__rosidl_generator_c.dir/build.make:212: CMakeFiles/cob_control_msgs__rosidl_generator_c.dir/rosidl_generator_c/cob_control_msgs/msg/detail/obstacle_distances__functions.c.o] Error 1
[0.150s] gmake[2]: *** Waiting for unfinished jobs....
[0.156s] [ 10%] [32mBuilding CXX object CMakeFiles/cob_control_msgs__rosidl_typesupport_fastrtps_cpp.dir/rosidl_typesupport_fastrtps_cpp/cob_control_msgs/msg/detail/dds_fastrtps/obstacle_distance__type_support.cpp.o[0m
[0.170s] [ 10%] Built target ament_cmake_python_copy_cob_control_msgs
[0.173s] [ 12%] [32mBuilding CXX object CMakeFiles/cob_control_msgs__rosidl_typesupport_fastrtps_cpp.dir/rosidl_typesupport_fastrtps_cpp/cob_control_msgs/msg/detail/dds_fastrtps/obstacle_distances__type_support.cpp.o[0m
[0.173s] [ 14%] [32mBuilding CXX object CMakeFiles/cob_control_msgs__rosidl_typesupport_cpp.dir/rosidl_typesupport_cpp/cob_control_msgs/msg/obstacle_distances__type_support.cpp.o[0m
[0.175s] In file included from [01m[K/ros2-migration/build/cob_control_msgs/rosidl_generator_c/cob_control_msgs/msg/detail/obstacle_distance__functions.h:19[m[K,
[0.175s]                  from [01m[K/ros2-migration/build/cob_control_msgs/rosidl_generator_c/cob_control_msgs/msg/detail/obstacle_distance__functions.c:4[m[K:
[0.176s] [01m[K/ros2-migration/build/cob_control_msgs/rosidl_generator_c/cob_control_msgs/msg/detail/obstacle_distance__struct.h:22:10:[m[K [01;31m[Kfatal error: [m[Kcob_control_msgs/msg/detail/header__struct.h: No such file or directory
[0.176s]    22 | #include [01;31m[K"cob_control_msgs/msg/detail/header__struct.h"[m[K
[0.176s]       |          [01;31m[K^~~~~~~~~~~~~~~~~~~~~~~~~~~~~~~~~~~~~~~~~~~~~~[m[K
[0.176s] compilation terminated.
[0.177s] gmake[2]: *** [CMakeFiles/cob_control_msgs__rosidl_generator_c.dir/build.make:198: CMakeFiles/cob_control_msgs__rosidl_generator_c.dir/rosidl_generator_c/cob_control_msgs/msg/detail/obstacle_distance__functions.c.o] Error 1
[0.177s] gmake[1]: *** [CMakeFiles/Makefile2:213: CMakeFiles/cob_control_msgs__rosidl_generator_c.dir/all] Error 2
[0.178s] gmake[1]: *** Waiting for unfinished jobs....
[0.181s] [ 17%] [32mBuilding CXX object CMakeFiles/cob_control_msgs__rosidl_typesupport_introspection_cpp.dir/rosidl_typesupport_introspection_cpp/cob_control_msgs/msg/detail/obstacle_distance__type_support.cpp.o[0m
[0.190s] [ 19%] [32mBuilding CXX object CMakeFiles/cob_control_msgs__rosidl_typesupport_introspection_cpp.dir/rosidl_typesupport_introspection_cpp/cob_control_msgs/msg/detail/obstacle_distances__type_support.cpp.o[0m
[0.215s] In file included from [01m[K/ros2-migration/build/cob_control_msgs/rosidl_typesupport_cpp/cob_control_msgs/msg/obstacle_distance__type_support.cpp:7[m[K:
[0.216s] [01m[K/ros2-migration/build/cob_control_msgs/rosidl_generator_cpp/cob_control_msgs/msg/detail/obstacle_distance__struct.hpp:20:10:[m[K [01;31m[Kfatal error: [m[Kcob_control_msgs/msg/detail/header__struct.hpp: No such file or directory
[0.216s]    20 | #include [01;31m[K"cob_control_msgs/msg/detail/header__struct.hpp"[m[K
[0.216s]       |          [01;31m[K^~~~~~~~~~~~~~~~~~~~~~~~~~~~~~~~~~~~~~~~~~~~~~~~[m[K
[0.217s] compilation terminated.
[0.218s] gmake[2]: *** [CMakeFiles/cob_control_msgs__rosidl_typesupport_cpp.dir/build.make:155: CMakeFiles/cob_control_msgs__rosidl_typesupport_cpp.dir/rosidl_typesupport_cpp/cob_control_msgs/msg/obstacle_distance__type_support.cpp.o] Error 1
[0.219s] gmake[2]: *** Waiting for unfinished jobs....
[0.242s] In file included from [01m[K/ros2-migration/build/cob_control_msgs/rosidl_typesupport_fastrtps_cpp/cob_control_msgs/msg/detail/obstacle_distance__rosidl_typesupport_fastrtps_cpp.hpp:11[m[K,
[0.243s]                  from [01m[K/ros2-migration/build/cob_control_msgs/rosidl_typesupport_fastrtps_cpp/cob_control_msgs/msg/detail/dds_fastrtps/obstacle_distance__type_support.cpp:4[m[K:
[0.243s] [01m[K/ros2-migration/build/cob_control_msgs/rosidl_generator_cpp/cob_control_msgs/msg/detail/obstacle_distance__struct.hpp:20:10:[m[K [01;31m[Kfatal error: [m[Kcob_control_msgs/msg/detail/header__struct.hpp: No such file or directory
[0.245s]    20 | #include [01;31m[K"cob_control_msgs/msg/detail/header__struct.hpp"[m[K
[0.245s]       |          [01;31m[K^~~~~~~~~~~~~~~~~~~~~~~~~~~~~~~~~~~~~~~~~~~~~~~~[m[K
[0.245s] In file included from [01m[K/ros2-migration/build/cob_control_msgs/rosidl_generator_cpp/cob_control_msgs/msg/detail/obstacle_distances__struct.hpp:20[m[K,
[0.245s]                  from [01m[K/ros2-migration/build/cob_control_msgs/rosidl_typesupport_cpp/cob_control_msgs/msg/obstacle_distances__type_support.cpp:7[m[K:
[0.245s] [01m[K/ros2-migration/build/cob_control_msgs/rosidl_generator_cpp/cob_control_msgs/msg/detail/obstacle_distance__struct.hpp:20:10:[m[K [01;31m[Kfatal error: [m[Kcob_control_msgs/msg/detail/header__struct.hpp: No such file or directory
[0.245s]    20 | #include [01;31m[K"cob_control_msgs/msg/detail/header__struct.hpp"[m[K
[0.246s]       |          [01;31m[K^~~~~~~~~~~~~~~~~~~~~~~~~~~~~~~~~~~~~~~~~~~~~~~~[m[K
[0.246s] compilation terminated.
[0.248s] compilation terminated.
[0.251s] gmake[2]: *** [CMakeFiles/cob_control_msgs__rosidl_typesupport_cpp.dir/build.make:169: CMakeFiles/cob_control_msgs__rosidl_typesupport_cpp.dir/rosidl_typesupport_cpp/cob_control_msgs/msg/obstacle_distances__type_support.cpp.o] Error 1
[0.252s] gmake[2]: *** [CMakeFiles/cob_control_msgs__rosidl_typesupport_fastrtps_cpp.dir/build.make:166: CMakeFiles/cob_control_msgs__rosidl_typesupport_fastrtps_cpp.dir/rosidl_typesupport_fastrtps_cpp/cob_control_msgs/msg/detail/dds_fastrtps/obstacle_distance__type_support.cpp.o] Error 1
[0.252s] gmake[2]: *** Waiting for unfinished jobs....
[0.252s] gmake[1]: *** [CMakeFiles/Makefile2:395: CMakeFiles/cob_control_msgs__rosidl_typesupport_cpp.dir/all] Error 2
[0.254s] In file included from [01m[K/ros2-migration/build/cob_control_msgs/rosidl_typesupport_introspection_cpp/cob_control_msgs/msg/detail/obstacle_distance__type_support.cpp:12[m[K:
[0.254s] [01m[K/ros2-migration/build/cob_control_msgs/rosidl_generator_cpp/cob_control_msgs/msg/detail/obstacle_distance__struct.hpp:20:10:[m[K [01;31m[Kfatal error: [m[Kcob_control_msgs/msg/detail/header__struct.hpp: No such file or directory
[0.254s]    20 | #include [01;31m[K"cob_control_msgs/msg/detail/header__struct.hpp"[m[K
[0.254s]       |          [01;31m[K^~~~~~~~~~~~~~~~~~~~~~~~~~~~~~~~~~~~~~~~~~~~~~~~[m[K
[0.254s] compilation terminated.
[0.255s] gmake[2]: *** [CMakeFiles/cob_control_msgs__rosidl_typesupport_introspection_cpp.dir/build.make:166: CMakeFiles/cob_control_msgs__rosidl_typesupport_introspection_cpp.dir/rosidl_typesupport_introspection_cpp/cob_control_msgs/msg/detail/obstacle_distance__type_support.cpp.o] Error 1
[0.255s] gmake[2]: *** Waiting for unfinished jobs....
[0.260s] In file included from [01m[K/ros2-migration/build/cob_control_msgs/rosidl_generator_cpp/cob_control_msgs/msg/detail/obstacle_distances__struct.hpp:20[m[K,
[0.260s]                  from [01m[K/ros2-migration/build/cob_control_msgs/rosidl_typesupport_introspection_cpp/cob_control_msgs/msg/detail/obstacle_distances__type_support.cpp:12[m[K:
[0.260s] [01m[K/ros2-migration/build/cob_control_msgs/rosidl_generator_cpp/cob_control_msgs/msg/detail/obstacle_distance__struct.hpp:20:10:[m[K [01;31m[Kfatal error: [m[Kcob_control_msgs/msg/detail/header__struct.hpp: No such file or directory
[0.261s]    20 | #include [01;31m[K"cob_control_msgs/msg/detail/header__struct.hpp"[m[K
[0.261s]       |          [01;31m[K^~~~~~~~~~~~~~~~~~~~~~~~~~~~~~~~~~~~~~~~~~~~~~~~[m[K
[0.261s] compilation terminated.
[0.263s] gmake[2]: *** [CMakeFiles/cob_control_msgs__rosidl_typesupport_introspection_cpp.dir/build.make:180: CMakeFiles/cob_control_msgs__rosidl_typesupport_introspection_cpp.dir/rosidl_typesupport_introspection_cpp/cob_control_msgs/msg/detail/obstacle_distances__type_support.cpp.o] Error 1
[0.263s] gmake[1]: *** [CMakeFiles/Makefile2:369: CMakeFiles/cob_control_msgs__rosidl_typesupport_introspection_cpp.dir/all] Error 2
[0.269s] In file included from [01m[K/ros2-migration/build/cob_control_msgs/rosidl_generator_cpp/cob_control_msgs/msg/detail/obstacle_distances__struct.hpp:20[m[K,
[0.269s]                  from [01m[K/ros2-migration/build/cob_control_msgs/rosidl_typesupport_fastrtps_cpp/cob_control_msgs/msg/detail/obstacle_distances__rosidl_typesupport_fastrtps_cpp.hpp:11[m[K,
[0.269s]                  from [01m[K/ros2-migration/build/cob_control_msgs/rosidl_typesupport_fastrtps_cpp/cob_control_msgs/msg/detail/dds_fastrtps/obstacle_distances__type_support.cpp:4[m[K:
[0.269s] [01m[K/ros2-migration/build/cob_control_msgs/rosidl_generator_cpp/cob_control_msgs/msg/detail/obstacle_distance__struct.hpp:20:10:[m[K [01;31m[Kfatal error: [m[Kcob_control_msgs/msg/detail/header__struct.hpp: No such file or directory
[0.269s]    20 | #include [01;31m[K"cob_control_msgs/msg/detail/header__struct.hpp"[m[K
[0.269s]       |          [01;31m[K^~~~~~~~~~~~~~~~~~~~~~~~~~~~~~~~~~~~~~~~~~~~~~~~[m[K
[0.269s] compilation terminated.
[0.271s] gmake[2]: *** [CMakeFiles/cob_control_msgs__rosidl_typesupport_fastrtps_cpp.dir/build.make:180: CMakeFiles/cob_control_msgs__rosidl_typesupport_fastrtps_cpp.dir/rosidl_typesupport_fastrtps_cpp/cob_control_msgs/msg/detail/dds_fastrtps/obstacle_distances__type_support.cpp.o] Error 1
[0.271s] gmake[1]: *** [CMakeFiles/Makefile2:291: CMakeFiles/cob_control_msgs__rosidl_typesupport_fastrtps_cpp.dir/all] Error 2
[0.404s] running egg_info
[0.414s] writing cob_control_msgs.egg-info/PKG-INFO
[0.414s] writing dependency_links to cob_control_msgs.egg-info/dependency_links.txt
[0.415s] writing top-level names to cob_control_msgs.egg-info/top_level.txt
[0.439s] reading manifest file 'cob_control_msgs.egg-info/SOURCES.txt'
[0.440s] writing manifest file 'cob_control_msgs.egg-info/SOURCES.txt'
[0.463s] [ 19%] Built target ament_cmake_python_build_cob_control_msgs_egg
[0.464s] gmake: *** [Makefile:146: all] Error 2
