[0.009s] Invoking command in '/ros2-migration/arena/arena-rosnav/utils/misc/mapping/build/mapping': CMAKE_PREFIX_PATH=/opt/ros/humble /usr/bin/cmake --build /ros2-migration/arena/arena-rosnav/utils/misc/mapping/build/mapping -- -j8 -l8
[0.033s] -- Found ament_cmake: 1.3.9 (/opt/ros/humble/share/ament_cmake/cmake)
[0.158s] -- Found message_filters: 4.3.4 (/opt/ros/humble/share/message_filters/cmake)
[0.187s] -- Found rosidl_generator_c: 3.1.5 (/opt/ros/humble/share/rosidl_generator_c/cmake)
[0.189s] -- Found rosidl_adapter: 3.1.5 (/opt/ros/humble/share/rosidl_adapter/cmake)
[0.195s] -- Found rosidl_generator_cpp: 3.1.5 (/opt/ros/humble/share/rosidl_generator_cpp/cmake)
[0.206s] -- Using all available rosidl_typesupport_c: rosidl_typesupport_fastrtps_c;rosidl_typesupport_introspection_c
[0.222s] -- Using all available rosidl_typesupport_cpp: rosidl_typesupport_fastrtps_cpp;rosidl_typesupport_introspection_cpp
[0.282s] -- Found rmw_implementation_cmake: 6.1.2 (/opt/ros/humble/share/rmw_implementation_cmake/cmake)
[0.283s] -- Found rmw_fastrtps_cpp: 6.2.6 (/opt/ros/humble/share/rmw_fastrtps_cpp/cmake)
[0.397s] -- Using RMW implementation 'rmw_fastrtps_cpp' as default
[0.576s] -- Found rclpy: 3.3.13 (/opt/ros/humble/share/rclpy/cmake)
[0.576s] -- Found pcl_conversions: 2.4.0 (/opt/ros/humble/share/pcl_conversions/cmake)
[0.876s] -- Found visualization_msgs: 4.2.3 (/opt/ros/humble/share/visualization_msgs/cmake)
[1.000s] -- Found tf2: 0.25.6 (/opt/ros/humble/share/tf2/cmake)
[1.008s] -- Found pcl_ros: 2.4.0 (/opt/ros/humble/share/pcl_ros/cmake)
[1.123s] -- Found eigen3_cmake_module: 0.1.1 (/opt/ros/humble/share/eigen3_cmake_module/cmake)
[1.124s] -- Ensuring Eigen3 include directory is part of orocos-kdl CMake target
[1.516s] -- Eigen found (include: /usr/include/eigen3, version: 3.4.0)
[1.543s] -- FLANN found (include: /usr/include, lib: /usr/lib/x86_64-linux-gnu/libflann_cpp.so)
[1.806s] -- OpenNI found (version: 1.5.4.0, include: /usr/include/ni, lib: /usr/lib/libOpenNI.so;libusb::libusb)
[1.811s] -- OpenNI2 found (version: 2.2.0.33, include: /usr/include/openni2, lib: /usr/lib/x86_64-linux-gnu/libOpenNI2.so;libusb::libusb)
[1.949s] -- Eigen found (include: /usr/include/eigen3, version: 3.4.0)
[1.954s] -- OpenNI found (version: 1.5.4.0, include: /usr/include/ni, lib: /usr/lib/libOpenNI.so;libusb::libusb)
[1.959s] -- OpenNI2 found (version: 2.2.0.33, include: /usr/include/openni2, lib: /usr/lib/x86_64-linux-gnu/libOpenNI2.so;libusb::libusb)
[2.088s] -- Found Qhull version 8.0.2
[2.221s] -- OpenNI found (version: 1.5.4.0, include: /usr/include/ni, lib: /usr/lib/libOpenNI.so;libusb::libusb)
[2.376s] [33mCMake Warning (dev) at CMakeLists.txt:18 (find_package):
[2.376s]   Policy CMP0074 is not set: find_package uses <PackageName>_ROOT variables.
[2.376s]   Run "cmake --help-policy CMP0074" for policy details.  Use the cmake_policy
[2.376s]   command to set the policy and suppress this warning.
[2.376s] 
[2.376s]   CMake variable PCL_ROOT is set to:
[2.376s] 
[2.376s]     /usr
[2.376s] 
[2.376s]   For compatibility, CMake is ignoring the variable.
[2.376s] This warning is for project developers.  Use -Wno-dev to suppress it.
[2.376s] [0m
[2.382s] -- Found laser_geometry: 2.4.0 (/opt/ros/humble/share/laser_geometry/cmake)
[2.396s] -- Found nav_msgs: 4.2.3 (/opt/ros/humble/share/nav_msgs/cmake)
[2.560s] -- Configuring done
[2.635s] -- Generating done
[2.638s] -- Build files have been written to: /ros2-migration/arena/arena-rosnav/utils/misc/mapping/build/mapping
[2.664s] [35m[1mConsolidate compiler generated dependencies of target mapping[0m
[2.675s] [ 33%] [32mBuilding CXX object CMakeFiles/mapping.dir/src/mapping.cpp.o[0m
[4.196s] In file included from [01m[K/ros2-migration/arena/arena-rosnav/utils/misc/mapping/src/mapping.cpp:1[m[K:
[4.197s] [01m[K/ros2-migration/arena/arena-rosnav/utils/misc/mapping/include/mapping/mapping.h:36:10:[m[K [01;31m[Kfatal error: [m[Kstd_srvs/srv/empty.hpp: No such file or directory
[4.197s]    36 | #include [01;31m[K<std_srvs/srv/empty.hpp>[m[K
[4.197s]       |          [01;31m[K^~~~~~~~~~~~~~~~~~~~~~~~[m[K
[4.197s] compilation terminated.
[4.212s] gmake[2]: *** [CMakeFiles/mapping.dir/build.make:76: CMakeFiles/mapping.dir/src/mapping.cpp.o] Error 1
[4.212s] gmake[1]: *** [CMakeFiles/Makefile2:137: CMakeFiles/mapping.dir/all] Error 2
[4.212s] gmake: *** [Makefile:146: all] Error 2
[4.214s] Invoked command in '/ros2-migration/arena/arena-rosnav/utils/misc/mapping/build/mapping' returned '2': CMAKE_PREFIX_PATH=/opt/ros/humble /usr/bin/cmake --build /ros2-migration/arena/arena-rosnav/utils/misc/mapping/build/mapping -- -j8 -l8
