[0.028s] Invoking command in '/ros2-migration/build/cob_control_msgs': CMAKE_PREFIX_PATH=/opt/ros/humble /usr/bin/cmake --build /ros2-migration/build/cob_control_msgs -- -j8 -l8
[0.093s] [  2%] Built target cob_control_msgs__cpp
[0.114s] [  4%] [32mBuilding C object CMakeFiles/cob_control_msgs__rosidl_generator_c.dir/rosidl_generator_c/cob_control_msgs/msg/detail/obstacle_distance__functions.c.o[0m
[0.114s] [  6%] [32mBuilding C object CMakeFiles/cob_control_msgs__rosidl_generator_c.dir/rosidl_generator_c/cob_control_msgs/msg/detail/obstacle_distances__functions.c.o[0m
[0.114s] [  6%] Built target ament_cmake_python_copy_cob_control_msgs
[0.115s] [  8%] [32mBuilding CXX object CMakeFiles/cob_control_msgs__rosidl_typesupport_cpp.dir/rosidl_typesupport_cpp/cob_control_msgs/msg/obstacle_distances__type_support.cpp.o[0m
[0.118s] [ 10%] [32mBuilding CXX object CMakeFiles/cob_control_msgs__rosidl_typesupport_cpp.dir/rosidl_typesupport_cpp/cob_control_msgs/msg/obstacle_distance__type_support.cpp.o[0m
[0.128s] [ 14%] [32mBuilding CXX object CMakeFiles/cob_control_msgs__rosidl_typesupport_fastrtps_cpp.dir/rosidl_typesupport_fastrtps_cpp/cob_control_msgs/msg/detail/dds_fastrtps/obstacle_distance__type_support.cpp.o[0m
[0.135s] [ 14%] [32mBuilding CXX object CMakeFiles/cob_control_msgs__rosidl_typesupport_fastrtps_cpp.dir/rosidl_typesupport_fastrtps_cpp/cob_control_msgs/msg/detail/dds_fastrtps/obstacle_distances__type_support.cpp.o[0m
[0.149s] In file included from [01m[K/ros2-migration/build/cob_control_msgs/rosidl_generator_c/cob_control_msgs/msg/detail/obstacle_distances__struct.h:22[m[K,
[0.149s]                  from [01m[K/ros2-migration/build/cob_control_msgs/rosidl_generator_c/cob_control_msgs/msg/detail/obstacle_distances__functions.h:19[m[K,
[0.149s]                  from [01m[K/ros2-migration/build/cob_control_msgs/rosidl_generator_c/cob_control_msgs/msg/detail/obstacle_distances__functions.c:4[m[K:
[0.150s] [01m[K/ros2-migration/build/cob_control_msgs/rosidl_generator_c/cob_control_msgs/msg/detail/obstacle_distance__struct.h:22:10:[m[K [01;31m[Kfatal error: [m[Kcob_control_msgs/msg/detail/header__struct.h: No such file or directory
[0.150s]    22 | #include [01;31m[K"cob_control_msgs/msg/detail/header__struct.h"[m[K
[0.150s]       |          [01;31m[K^~~~~~~~~~~~~~~~~~~~~~~~~~~~~~~~~~~~~~~~~~~~~~[m[K
[0.150s] compilation terminated.
[0.157s] In file included from [01m[K/ros2-migration/build/cob_control_msgs/rosidl_generator_c/cob_control_msgs/msg/detail/obstacle_distance__functions.h:19[m[K,
[0.157s]                  from [01m[K/ros2-migration/build/cob_control_msgs/rosidl_generator_c/cob_control_msgs/msg/detail/obstacle_distance__functions.c:4[m[K:
[0.157s] [01m[K/ros2-migration/build/cob_control_msgs/rosidl_generator_c/cob_control_msgs/msg/detail/obstacle_distance__struct.h:22:10:[m[K [01;31m[Kfatal error: [m[Kcob_control_msgs/msg/detail/header__struct.h: No such file or directory
[0.157s]    22 | #include [01;31m[K"cob_control_msgs/msg/detail/header__struct.h"[m[K
[0.157s]       |          [01;31m[K^~~~~~~~~~~~~~~~~~~~~~~~~~~~~~~~~~~~~~~~~~~~~~[m[K
[0.157s] compilation terminated.
[0.157s] gmake[2]: *** [CMakeFiles/cob_control_msgs__rosidl_generator_c.dir/build.make:198: CMakeFiles/cob_control_msgs__rosidl_generator_c.dir/rosidl_generator_c/cob_control_msgs/msg/detail/obstacle_distance__functions.c.o] Error 1
[0.157s] gmake[2]: *** Waiting for unfinished jobs....
[0.171s] [ 17%] [32mBuilding CXX object CMakeFiles/cob_control_msgs__rosidl_typesupport_introspection_cpp.dir/rosidl_typesupport_introspection_cpp/cob_control_msgs/msg/detail/obstacle_distances__type_support.cpp.o[0m
[0.179s] gmake[2]: *** [CMakeFiles/cob_control_msgs__rosidl_generator_c.dir/build.make:212: CMakeFiles/cob_control_msgs__rosidl_generator_c.dir/rosidl_generator_c/cob_control_msgs/msg/detail/obstacle_distances__functions.c.o] Error 1
[0.179s] gmake[1]: *** [CMakeFiles/Makefile2:213: CMakeFiles/cob_control_msgs__rosidl_generator_c.dir/all] Error 2
[0.179s] gmake[1]: *** Waiting for unfinished jobs....
[0.198s] [ 19%] [32mBuilding CXX object CMakeFiles/cob_control_msgs__rosidl_typesupport_introspection_cpp.dir/rosidl_typesupport_introspection_cpp/cob_control_msgs/msg/detail/obstacle_distance__type_support.cpp.o[0m
[0.198s] In file included from [01m[K/ros2-migration/build/cob_control_msgs/rosidl_typesupport_cpp/cob_control_msgs/msg/obstacle_distance__type_support.cpp:7[m[K:
[0.198s] [01m[K/ros2-migration/build/cob_control_msgs/rosidl_generator_cpp/cob_control_msgs/msg/detail/obstacle_distance__struct.hpp:20:10:[m[K [01;31m[Kfatal error: [m[Kcob_control_msgs/msg/detail/header__struct.hpp: No such file or directory
[0.198s]    20 | #include [01;31m[K"cob_control_msgs/msg/detail/header__struct.hpp"[m[K
[0.198s]       |          [01;31m[K^~~~~~~~~~~~~~~~~~~~~~~~~~~~~~~~~~~~~~~~~~~~~~~~[m[K
[0.198s] compilation terminated.
[0.198s] gmake[2]: *** [CMakeFiles/cob_control_msgs__rosidl_typesupport_cpp.dir/build.make:155: CMakeFiles/cob_control_msgs__rosidl_typesupport_cpp.dir/rosidl_typesupport_cpp/cob_control_msgs/msg/obstacle_distance__type_support.cpp.o] Error 1
[0.198s] gmake[2]: *** Waiting for unfinished jobs....
[0.211s] In file included from [01m[K/ros2-migration/build/cob_control_msgs/rosidl_typesupport_fastrtps_cpp/cob_control_msgs/msg/detail/obstacle_distance__rosidl_typesupport_fastrtps_cpp.hpp:11[m[K,
[0.212s]                  from [01m[K/ros2-migration/build/cob_control_msgs/rosidl_typesupport_fastrtps_cpp/cob_control_msgs/msg/detail/dds_fastrtps/obstacle_distance__type_support.cpp:4[m[K:
[0.212s] [01m[K/ros2-migration/build/cob_control_msgs/rosidl_generator_cpp/cob_control_msgs/msg/detail/obstacle_distance__struct.hpp:20:10:[m[K [01;31m[Kfatal error: [m[Kcob_control_msgs/msg/detail/header__struct.hpp: No such file or directory
[0.212s]    20 | #include [01;31m[K"cob_control_msgs/msg/detail/header__struct.hpp"[m[K
[0.212s]       |          [01;31m[K^~~~~~~~~~~~~~~~~~~~~~~~~~~~~~~~~~~~~~~~~~~~~~~~[m[K
[0.212s] compilation terminated.
[0.213s] In file included from [01m[K/ros2-migration/build/cob_control_msgs/rosidl_generator_cpp/cob_control_msgs/msg/detail/obstacle_distances__struct.hpp:20[m[K,
[0.214s]                  from [01m[K/ros2-migration/build/cob_control_msgs/rosidl_typesupport_cpp/cob_control_msgs/msg/obstacle_distances__type_support.cpp:7[m[K:
[0.215s] [01m[K/ros2-migration/build/cob_control_msgs/rosidl_generator_cpp/cob_control_msgs/msg/detail/obstacle_distance__struct.hpp:20:10:[m[K [01;31m[Kfatal error: [m[Kcob_control_msgs/msg/detail/header__struct.hpp: No such file or directory
[0.215s]    20 | #include [01;31m[K"cob_control_msgs/msg/detail/header__struct.hpp"[m[K
[0.216s]       |          [01;31m[K^~~~~~~~~~~~~~~~~~~~~~~~~~~~~~~~~~~~~~~~~~~~~~~~[m[K
[0.216s] gmake[2]: *** [CMakeFiles/cob_control_msgs__rosidl_typesupport_fastrtps_cpp.dir/build.make:166: CMakeFiles/cob_control_msgs__rosidl_typesupport_fastrtps_cpp.dir/rosidl_typesupport_fastrtps_cpp/cob_control_msgs/msg/detail/dds_fastrtps/obstacle_distance__type_support.cpp.o] Error 1
[0.216s] gmake[2]: *** Waiting for unfinished jobs....
[0.217s] compilation terminated.
[0.220s] gmake[2]: *** [CMakeFiles/cob_control_msgs__rosidl_typesupport_cpp.dir/build.make:169: CMakeFiles/cob_control_msgs__rosidl_typesupport_cpp.dir/rosidl_typesupport_cpp/cob_control_msgs/msg/obstacle_distances__type_support.cpp.o] Error 1
[0.220s] gmake[1]: *** [CMakeFiles/Makefile2:395: CMakeFiles/cob_control_msgs__rosidl_typesupport_cpp.dir/all] Error 2
[0.225s] In file included from [01m[K/ros2-migration/build/cob_control_msgs/rosidl_generator_cpp/cob_control_msgs/msg/detail/obstacle_distances__struct.hpp:20[m[K,
[0.226s]                  from [01m[K/ros2-migration/build/cob_control_msgs/rosidl_typesupport_fastrtps_cpp/cob_control_msgs/msg/detail/obstacle_distances__rosidl_typesupport_fastrtps_cpp.hpp:11[m[K,
[0.226s]                  from [01m[K/ros2-migration/build/cob_control_msgs/rosidl_typesupport_fastrtps_cpp/cob_control_msgs/msg/detail/dds_fastrtps/obstacle_distances__type_support.cpp:4[m[K:
[0.227s] [01m[K/ros2-migration/build/cob_control_msgs/rosidl_generator_cpp/cob_control_msgs/msg/detail/obstacle_distance__struct.hpp:20:10:[m[K [01;31m[Kfatal error: [m[Kcob_control_msgs/msg/detail/header__struct.hpp: No such file or directory
[0.227s]    20 | #include [01;31m[K"cob_control_msgs/msg/detail/header__struct.hpp"[m[K
[0.227s]       |          [01;31m[K^~~~~~~~~~~~~~~~~~~~~~~~~~~~~~~~~~~~~~~~~~~~~~~~[m[K
[0.227s] compilation terminated.
[0.227s] gmake[2]: *** [CMakeFiles/cob_control_msgs__rosidl_typesupport_fastrtps_cpp.dir/build.make:180: CMakeFiles/cob_control_msgs__rosidl_typesupport_fastrtps_cpp.dir/rosidl_typesupport_fastrtps_cpp/cob_control_msgs/msg/detail/dds_fastrtps/obstacle_distances__type_support.cpp.o] Error 1
[0.227s] gmake[1]: *** [CMakeFiles/Makefile2:291: CMakeFiles/cob_control_msgs__rosidl_typesupport_fastrtps_cpp.dir/all] Error 2
[0.268s] In file included from [01m[K/ros2-migration/build/cob_control_msgs/rosidl_typesupport_introspection_cpp/cob_control_msgs/msg/detail/obstacle_distance__type_support.cpp:12[m[K:
[0.268s] [01m[K/ros2-migration/build/cob_control_msgs/rosidl_generator_cpp/cob_control_msgs/msg/detail/obstacle_distance__struct.hpp:20:10:[m[K [01;31m[Kfatal error: [m[Kcob_control_msgs/msg/detail/header__struct.hpp: No such file or directory
[0.268s]    20 | #include [01;31m[K"cob_control_msgs/msg/detail/header__struct.hpp"[m[K
[0.268s]       |          [01;31m[K^~~~~~~~~~~~~~~~~~~~~~~~~~~~~~~~~~~~~~~~~~~~~~~~[m[K
[0.269s] compilation terminated.
[0.270s] gmake[2]: *** [CMakeFiles/cob_control_msgs__rosidl_typesupport_introspection_cpp.dir/build.make:166: CMakeFiles/cob_control_msgs__rosidl_typesupport_introspection_cpp.dir/rosidl_typesupport_introspection_cpp/cob_control_msgs/msg/detail/obstacle_distance__type_support.cpp.o] Error 1
[0.271s] gmake[2]: *** Waiting for unfinished jobs....
[0.271s] In file included from [01m[K/ros2-migration/build/cob_control_msgs/rosidl_generator_cpp/cob_control_msgs/msg/detail/obstacle_distances__struct.hpp:20[m[K,
[0.272s]                  from [01m[K/ros2-migration/build/cob_control_msgs/rosidl_typesupport_introspection_cpp/cob_control_msgs/msg/detail/obstacle_distances__type_support.cpp:12[m[K:
[0.272s] [01m[K/ros2-migration/build/cob_control_msgs/rosidl_generator_cpp/cob_control_msgs/msg/detail/obstacle_distance__struct.hpp:20:10:[m[K [01;31m[Kfatal error: [m[Kcob_control_msgs/msg/detail/header__struct.hpp: No such file or directory
[0.272s]    20 | #include [01;31m[K"cob_control_msgs/msg/detail/header__struct.hpp"[m[K
[0.272s]       |          [01;31m[K^~~~~~~~~~~~~~~~~~~~~~~~~~~~~~~~~~~~~~~~~~~~~~~~[m[K
[0.272s] compilation terminated.
[0.274s] gmake[2]: *** [CMakeFiles/cob_control_msgs__rosidl_typesupport_introspection_cpp.dir/build.make:180: CMakeFiles/cob_control_msgs__rosidl_typesupport_introspection_cpp.dir/rosidl_typesupport_introspection_cpp/cob_control_msgs/msg/detail/obstacle_distances__type_support.cpp.o] Error 1
[0.275s] gmake[1]: *** [CMakeFiles/Makefile2:369: CMakeFiles/cob_control_msgs__rosidl_typesupport_introspection_cpp.dir/all] Error 2
[0.434s] running egg_info
[0.451s] writing cob_control_msgs.egg-info/PKG-INFO
[0.451s] writing dependency_links to cob_control_msgs.egg-info/dependency_links.txt
[0.451s] writing top-level names to cob_control_msgs.egg-info/top_level.txt
[0.500s] reading manifest file 'cob_control_msgs.egg-info/SOURCES.txt'
[0.509s] writing manifest file 'cob_control_msgs.egg-info/SOURCES.txt'
[0.527s] [ 19%] Built target ament_cmake_python_build_cob_control_msgs_egg
[0.528s] gmake: *** [Makefile:146: all] Error 2
