[0.038s] Invoking command in '/ros2-migration/build/cob_control_msgs': CMAKE_PREFIX_PATH=/ros2-migration/install/tiago_controller_configuration:/opt/ros/humble /usr/bin/cmake --build /ros2-migration/build/cob_control_msgs -- -j8 -l8
[0.111s] [  2%] Built target cob_control_msgs__cpp
[0.123s] [  2%] Built target ament_cmake_python_copy_cob_control_msgs
[0.138s] [  4%] [32mBuilding CXX object CMakeFiles/cob_control_msgs__rosidl_typesupport_introspection_cpp.dir/rosidl_typesupport_introspection_cpp/cob_control_msgs/msg/detail/obstacle_distances__type_support.cpp.o[0m
[0.140s] [  6%] [32mBuilding CXX object CMakeFiles/cob_control_msgs__rosidl_typesupport_introspection_cpp.dir/rosidl_typesupport_introspection_cpp/cob_control_msgs/msg/detail/obstacle_distance__type_support.cpp.o[0m
[0.151s] [ 10%] [32mBuilding C object CMakeFiles/cob_control_msgs__rosidl_generator_c.dir/rosidl_generator_c/cob_control_msgs/msg/detail/obstacle_distance__functions.c.o[0m
[0.152s] [ 10%] [32mBuilding CXX object CMakeFiles/cob_control_msgs__rosidl_typesupport_cpp.dir/rosidl_typesupport_cpp/cob_control_msgs/msg/obstacle_distance__type_support.cpp.o[0m
[0.152s] [ 12%] [32mBuilding CXX object CMakeFiles/cob_control_msgs__rosidl_typesupport_cpp.dir/rosidl_typesupport_cpp/cob_control_msgs/msg/obstacle_distances__type_support.cpp.o[0m
[0.164s] [ 14%] [32mBuilding C object CMakeFiles/cob_control_msgs__rosidl_generator_c.dir/rosidl_generator_c/cob_control_msgs/msg/detail/obstacle_distances__functions.c.o[0m
[0.170s] [ 17%] [32mBuilding CXX object CMakeFiles/cob_control_msgs__rosidl_typesupport_fastrtps_cpp.dir/rosidl_typesupport_fastrtps_cpp/cob_control_msgs/msg/detail/dds_fastrtps/obstacle_distance__type_support.cpp.o[0m
[0.213s] In file included from [01m[K/ros2-migration/build/cob_control_msgs/rosidl_generator_c/cob_control_msgs/msg/detail/obstacle_distance__functions.h:19[m[K,
[0.213s]                  from [01m[K/ros2-migration/build/cob_control_msgs/rosidl_generator_c/cob_control_msgs/msg/detail/obstacle_distance__functions.c:4[m[K:
[0.214s] [01m[K/ros2-migration/build/cob_control_msgs/rosidl_generator_c/cob_control_msgs/msg/detail/obstacle_distance__struct.h:22:10:[m[K [01;31m[Kfatal error: [m[Kcob_control_msgs/msg/detail/header__struct.h: No such file or directory
[0.214s]    22 | #include [01;31m[K"cob_control_msgs/msg/detail/header__struct.h"[m[K
[0.214s]       |          [01;31m[K^~~~~~~~~~~~~~~~~~~~~~~~~~~~~~~~~~~~~~~~~~~~~~[m[K
[0.214s] compilation terminated.
[0.219s] gmake[2]: *** [CMakeFiles/cob_control_msgs__rosidl_generator_c.dir/build.make:198: CMakeFiles/cob_control_msgs__rosidl_generator_c.dir/rosidl_generator_c/cob_control_msgs/msg/detail/obstacle_distance__functions.c.o] Error 1
[0.219s] gmake[2]: *** Waiting for unfinished jobs....
[0.226s] In file included from [01m[K/ros2-migration/build/cob_control_msgs/rosidl_typesupport_cpp/cob_control_msgs/msg/obstacle_distance__type_support.cpp:7[m[K:
[0.226s] [01m[K/ros2-migration/build/cob_control_msgs/rosidl_generator_cpp/cob_control_msgs/msg/detail/obstacle_distance__struct.hpp:20:10:[m[K [01;31m[Kfatal error: [m[Kcob_control_msgs/msg/detail/header__struct.hpp: No such file or directory
[0.227s]    20 | #include [01;31m[K"cob_control_msgs/msg/detail/header__struct.hpp"[m[K
[0.227s]       |          [01;31m[K^~~~~~~~~~~~~~~~~~~~~~~~~~~~~~~~~~~~~~~~~~~~~~~~[m[K
[0.227s] compilation terminated.
[0.228s] gmake[2]: *** [CMakeFiles/cob_control_msgs__rosidl_typesupport_cpp.dir/build.make:155: CMakeFiles/cob_control_msgs__rosidl_typesupport_cpp.dir/rosidl_typesupport_cpp/cob_control_msgs/msg/obstacle_distance__type_support.cpp.o] Error 1
[0.228s] gmake[2]: *** Waiting for unfinished jobs....
[0.233s] [ 19%] [32mBuilding CXX object CMakeFiles/cob_control_msgs__rosidl_typesupport_fastrtps_cpp.dir/rosidl_typesupport_fastrtps_cpp/cob_control_msgs/msg/detail/dds_fastrtps/obstacle_distances__type_support.cpp.o[0m
[0.235s] In file included from [01m[K/ros2-migration/build/cob_control_msgs/rosidl_generator_c/cob_control_msgs/msg/detail/obstacle_distances__struct.h:22[m[K,
[0.235s]                  from [01m[K/ros2-migration/build/cob_control_msgs/rosidl_generator_c/cob_control_msgs/msg/detail/obstacle_distances__functions.h:19[m[K,
[0.235s]                  from [01m[K/ros2-migration/build/cob_control_msgs/rosidl_generator_c/cob_control_msgs/msg/detail/obstacle_distances__functions.c:4[m[K:
[0.235s] [01m[K/ros2-migration/build/cob_control_msgs/rosidl_generator_c/cob_control_msgs/msg/detail/obstacle_distance__struct.h:22:10:[m[K [01;31m[Kfatal error: [m[Kcob_control_msgs/msg/detail/header__struct.h: No such file or directory
[0.235s]    22 | #include [01;31m[K"cob_control_msgs/msg/detail/header__struct.h"[m[K
[0.235s]       |          [01;31m[K^~~~~~~~~~~~~~~~~~~~~~~~~~~~~~~~~~~~~~~~~~~~~~[m[K
[0.235s] compilation terminated.
[0.238s] gmake[2]: *** [CMakeFiles/cob_control_msgs__rosidl_generator_c.dir/build.make:212: CMakeFiles/cob_control_msgs__rosidl_generator_c.dir/rosidl_generator_c/cob_control_msgs/msg/detail/obstacle_distances__functions.c.o] Error 1
[0.238s] gmake[1]: *** [CMakeFiles/Makefile2:213: CMakeFiles/cob_control_msgs__rosidl_generator_c.dir/all] Error 2
[0.238s] gmake[1]: *** Waiting for unfinished jobs....
[0.248s] In file included from [01m[K/ros2-migration/build/cob_control_msgs/rosidl_typesupport_introspection_cpp/cob_control_msgs/msg/detail/obstacle_distance__type_support.cpp:12[m[K:
[0.248s] [01m[K/ros2-migration/build/cob_control_msgs/rosidl_generator_cpp/cob_control_msgs/msg/detail/obstacle_distance__struct.hpp:20:10:[m[K [01;31m[Kfatal error: [m[Kcob_control_msgs/msg/detail/header__struct.hpp: No such file or directory
[0.248s]    20 | #include [01;31m[K"cob_control_msgs/msg/detail/header__struct.hpp"[m[K
[0.248s]       |          [01;31m[K^~~~~~~~~~~~~~~~~~~~~~~~~~~~~~~~~~~~~~~~~~~~~~~~[m[K
[0.248s] compilation terminated.
[0.249s] gmake[2]: *** [CMakeFiles/cob_control_msgs__rosidl_typesupport_introspection_cpp.dir/build.make:166: CMakeFiles/cob_control_msgs__rosidl_typesupport_introspection_cpp.dir/rosidl_typesupport_introspection_cpp/cob_control_msgs/msg/detail/obstacle_distance__type_support.cpp.o] Error 1
[0.250s] gmake[2]: *** Waiting for unfinished jobs....
[0.263s] In file included from [01m[K/ros2-migration/build/cob_control_msgs/rosidl_generator_cpp/cob_control_msgs/msg/detail/obstacle_distances__struct.hpp:20[m[K,
[0.263s]                  from [01m[K/ros2-migration/build/cob_control_msgs/rosidl_typesupport_introspection_cpp/cob_control_msgs/msg/detail/obstacle_distances__type_support.cpp:12[m[K:
[0.263s] [01m[K/ros2-migration/build/cob_control_msgs/rosidl_generator_cpp/cob_control_msgs/msg/detail/obstacle_distance__struct.hpp:20:10:[m[K [01;31m[Kfatal error: [m[Kcob_control_msgs/msg/detail/header__struct.hpp: No such file or directory
[0.263s]    20 | #include [01;31m[K"cob_control_msgs/msg/detail/header__struct.hpp"[m[K
[0.263s]       |          [01;31m[K^~~~~~~~~~~~~~~~~~~~~~~~~~~~~~~~~~~~~~~~~~~~~~~~[m[K
[0.263s] compilation terminated.
[0.265s] gmake[2]: *** [CMakeFiles/cob_control_msgs__rosidl_typesupport_introspection_cpp.dir/build.make:180: CMakeFiles/cob_control_msgs__rosidl_typesupport_introspection_cpp.dir/rosidl_typesupport_introspection_cpp/cob_control_msgs/msg/detail/obstacle_distances__type_support.cpp.o] Error 1
[0.265s] gmake[1]: *** [CMakeFiles/Makefile2:369: CMakeFiles/cob_control_msgs__rosidl_typesupport_introspection_cpp.dir/all] Error 2
[0.274s] In file included from [01m[K/ros2-migration/build/cob_control_msgs/rosidl_generator_cpp/cob_control_msgs/msg/detail/obstacle_distances__struct.hpp:20[m[K,
[0.275s]                  from [01m[K/ros2-migration/build/cob_control_msgs/rosidl_typesupport_cpp/cob_control_msgs/msg/obstacle_distances__type_support.cpp:7[m[K:
[0.275s] [01m[K/ros2-migration/build/cob_control_msgs/rosidl_generator_cpp/cob_control_msgs/msg/detail/obstacle_distance__struct.hpp:20:10:[m[K [01;31m[Kfatal error: [m[Kcob_control_msgs/msg/detail/header__struct.hpp: No such file or directory
[0.276s]    20 | #include [01;31m[K"cob_control_msgs/msg/detail/header__struct.hpp"[m[K
[0.276s]       |          [01;31m[K^~~~~~~~~~~~~~~~~~~~~~~~~~~~~~~~~~~~~~~~~~~~~~~~[m[K
[0.276s] compilation terminated.
[0.279s] gmake[2]: *** [CMakeFiles/cob_control_msgs__rosidl_typesupport_cpp.dir/build.make:169: CMakeFiles/cob_control_msgs__rosidl_typesupport_cpp.dir/rosidl_typesupport_cpp/cob_control_msgs/msg/obstacle_distances__type_support.cpp.o] Error 1
[0.280s] gmake[1]: *** [CMakeFiles/Makefile2:395: CMakeFiles/cob_control_msgs__rosidl_typesupport_cpp.dir/all] Error 2
[0.301s] In file included from [01m[K/ros2-migration/build/cob_control_msgs/rosidl_typesupport_fastrtps_cpp/cob_control_msgs/msg/detail/obstacle_distance__rosidl_typesupport_fastrtps_cpp.hpp:11[m[K,
[0.301s]                  from [01m[K/ros2-migration/build/cob_control_msgs/rosidl_typesupport_fastrtps_cpp/cob_control_msgs/msg/detail/dds_fastrtps/obstacle_distance__type_support.cpp:4[m[K:
[0.301s] [01m[K/ros2-migration/build/cob_control_msgs/rosidl_generator_cpp/cob_control_msgs/msg/detail/obstacle_distance__struct.hpp:20:10:[m[K [01;31m[Kfatal error: [m[Kcob_control_msgs/msg/detail/header__struct.hpp: No such file or directory
[0.301s]    20 | #include [01;31m[K"cob_control_msgs/msg/detail/header__struct.hpp"[m[K
[0.302s]       |          [01;31m[K^~~~~~~~~~~~~~~~~~~~~~~~~~~~~~~~~~~~~~~~~~~~~~~~[m[K
[0.302s] compilation terminated.
[0.302s] gmake[2]: *** [CMakeFiles/cob_control_msgs__rosidl_typesupport_fastrtps_cpp.dir/build.make:166: CMakeFiles/cob_control_msgs__rosidl_typesupport_fastrtps_cpp.dir/rosidl_typesupport_fastrtps_cpp/cob_control_msgs/msg/detail/dds_fastrtps/obstacle_distance__type_support.cpp.o] Error 1
[0.302s] gmake[2]: *** Waiting for unfinished jobs....
[0.332s] In file included from [01m[K/ros2-migration/build/cob_control_msgs/rosidl_generator_cpp/cob_control_msgs/msg/detail/obstacle_distances__struct.hpp:20[m[K,
[0.332s]                  from [01m[K/ros2-migration/build/cob_control_msgs/rosidl_typesupport_fastrtps_cpp/cob_control_msgs/msg/detail/obstacle_distances__rosidl_typesupport_fastrtps_cpp.hpp:11[m[K,
[0.332s]                  from [01m[K/ros2-migration/build/cob_control_msgs/rosidl_typesupport_fastrtps_cpp/cob_control_msgs/msg/detail/dds_fastrtps/obstacle_distances__type_support.cpp:4[m[K:
[0.332s] [01m[K/ros2-migration/build/cob_control_msgs/rosidl_generator_cpp/cob_control_msgs/msg/detail/obstacle_distance__struct.hpp:20:10:[m[K [01;31m[Kfatal error: [m[Kcob_control_msgs/msg/detail/header__struct.hpp: No such file or directory
[0.332s]    20 | #include [01;31m[K"cob_control_msgs/msg/detail/header__struct.hpp"[m[K
[0.332s]       |          [01;31m[K^~~~~~~~~~~~~~~~~~~~~~~~~~~~~~~~~~~~~~~~~~~~~~~~[m[K
[0.332s] compilation terminated.
[0.334s] gmake[2]: *** [CMakeFiles/cob_control_msgs__rosidl_typesupport_fastrtps_cpp.dir/build.make:180: CMakeFiles/cob_control_msgs__rosidl_typesupport_fastrtps_cpp.dir/rosidl_typesupport_fastrtps_cpp/cob_control_msgs/msg/detail/dds_fastrtps/obstacle_distances__type_support.cpp.o] Error 1
[0.334s] gmake[1]: *** [CMakeFiles/Makefile2:291: CMakeFiles/cob_control_msgs__rosidl_typesupport_fastrtps_cpp.dir/all] Error 2
[0.441s] running egg_info
[0.457s] writing cob_control_msgs.egg-info/PKG-INFO
[0.457s] writing dependency_links to cob_control_msgs.egg-info/dependency_links.txt
[0.458s] writing top-level names to cob_control_msgs.egg-info/top_level.txt
[0.505s] reading manifest file 'cob_control_msgs.egg-info/SOURCES.txt'
[0.506s] writing manifest file 'cob_control_msgs.egg-info/SOURCES.txt'
[0.532s] [ 19%] Built target ament_cmake_python_build_cob_control_msgs_egg
[0.535s] gmake: *** [Makefile:146: all] Error 2
