[0.039s] Invoking command in '/ros2-migration/build/cob_control_msgs': CMAKE_PREFIX_PATH=/opt/ros/humble /usr/bin/cmake --build /ros2-migration/build/cob_control_msgs -- -j8 -l8
[0.097s] [  2%] [34m[1mGenerating C code for ROS interfaces[0m
[0.116s] [  4%] [34m[1mGenerating C++ code for ROS interfaces[0m
[0.149s] [  4%] Built target ament_cmake_python_copy_cob_control_msgs
[0.713s] running egg_info
[0.714s] creating cob_control_msgs.egg-info
[0.754s] writing cob_control_msgs.egg-info/PKG-INFO
[0.755s] writing dependency_links to cob_control_msgs.egg-info/dependency_links.txt
[0.755s] writing top-level names to cob_control_msgs.egg-info/top_level.txt
[0.755s] writing manifest file 'cob_control_msgs.egg-info/SOURCES.txt'
[0.842s] reading manifest file 'cob_control_msgs.egg-info/SOURCES.txt'
[0.842s] writing manifest file 'cob_control_msgs.egg-info/SOURCES.txt'
[0.895s] [  4%] Built target ament_cmake_python_build_cob_control_msgs_egg
[0.915s] [  4%] Built target cob_control_msgs__cpp
[0.939s] [  6%] [34m[1mGenerating C++ type support dispatch for ROS interfaces[0m
[0.943s] [  8%] [34m[1mGenerating C++ type support for eProsima Fast-RTPS[0m
[0.952s] [ 10%] [34m[1mGenerating C++ introspection for ROS interfaces[0m
[1.031s] [ 12%] [32mBuilding C object CMakeFiles/cob_control_msgs__rosidl_generator_c.dir/rosidl_generator_c/cob_control_msgs/msg/detail/obstacle_distance__functions.c.o[0m
[1.045s] [ 14%] [32mBuilding C object CMakeFiles/cob_control_msgs__rosidl_generator_c.dir/rosidl_generator_c/cob_control_msgs/msg/detail/obstacle_distances__functions.c.o[0m
[1.056s] [ 17%] [32mBuilding C object CMakeFiles/cob_control_msgs__rosidl_generator_c.dir/rosidl_generator_c/cob_control_msgs/srv/detail/get_obstacle_distance__functions.c.o[0m
[1.072s] In file included from [01m[K/ros2-migration/build/cob_control_msgs/rosidl_generator_c/cob_control_msgs/msg/detail/obstacle_distances__struct.h:22[m[K,
[1.072s]                  from [01m[K/ros2-migration/build/cob_control_msgs/rosidl_generator_c/cob_control_msgs/msg/detail/obstacle_distances__functions.h:19[m[K,
[1.072s]                  from [01m[K/ros2-migration/build/cob_control_msgs/rosidl_generator_c/cob_control_msgs/msg/detail/obstacle_distances__functions.c:4[m[K:
[1.072s] [01m[K/ros2-migration/build/cob_control_msgs/rosidl_generator_c/cob_control_msgs/msg/detail/obstacle_distance__struct.h:22:10:[m[K [01;31m[Kfatal error: [m[Kcob_control_msgs/msg/detail/header__struct.h: No such file or directory
[1.072s]    22 | #include [01;31m[K"cob_control_msgs/msg/detail/header__struct.h"[m[K
[1.072s]       |          [01;31m[K^~~~~~~~~~~~~~~~~~~~~~~~~~~~~~~~~~~~~~~~~~~~~~[m[K
[1.072s] compilation terminated.
[1.095s] In file included from [01m[K/ros2-migration/build/cob_control_msgs/rosidl_generator_c/cob_control_msgs/msg/detail/obstacle_distance__functions.h:19[m[K,
[1.095s]                  from [01m[K/ros2-migration/build/cob_control_msgs/rosidl_generator_c/cob_control_msgs/msg/detail/obstacle_distance__functions.c:4[m[K:
[1.096s] [01m[K/ros2-migration/build/cob_control_msgs/rosidl_generator_c/cob_control_msgs/msg/detail/obstacle_distance__struct.h:22:10:[m[K [01;31m[Kfatal error: [m[Kcob_control_msgs/msg/detail/header__struct.h: No such file or directory
[1.096s]    22 | #include [01;31m[K"cob_control_msgs/msg/detail/header__struct.h"[m[K
[1.096s]       |          [01;31m[K^~~~~~~~~~~~~~~~~~~~~~~~~~~~~~~~~~~~~~~~~~~~~~[m[K
[1.096s] compilation terminated.
[1.103s] gmake[2]: *** [CMakeFiles/cob_control_msgs__rosidl_generator_c.dir/build.make:212: CMakeFiles/cob_control_msgs__rosidl_generator_c.dir/rosidl_generator_c/cob_control_msgs/msg/detail/obstacle_distances__functions.c.o] Error 1
[1.103s] gmake[2]: *** Waiting for unfinished jobs....
[1.103s] gmake[2]: *** [CMakeFiles/cob_control_msgs__rosidl_generator_c.dir/build.make:198: CMakeFiles/cob_control_msgs__rosidl_generator_c.dir/rosidl_generator_c/cob_control_msgs/msg/detail/obstacle_distance__functions.c.o] Error 1
[1.212s] gmake[1]: *** [CMakeFiles/Makefile2:213: CMakeFiles/cob_control_msgs__rosidl_generator_c.dir/all] Error 2
[1.212s] gmake[1]: *** Waiting for unfinished jobs....
[1.495s] [ 19%] [32mBuilding CXX object CMakeFiles/cob_control_msgs__rosidl_typesupport_cpp.dir/rosidl_typesupport_cpp/cob_control_msgs/msg/obstacle_distance__type_support.cpp.o[0m
[1.510s] [ 21%] [32mBuilding CXX object CMakeFiles/cob_control_msgs__rosidl_typesupport_cpp.dir/rosidl_typesupport_cpp/cob_control_msgs/msg/obstacle_distances__type_support.cpp.o[0m
[1.534s] [ 23%] [32mBuilding CXX object CMakeFiles/cob_control_msgs__rosidl_typesupport_cpp.dir/rosidl_typesupport_cpp/cob_control_msgs/srv/get_obstacle_distance__type_support.cpp.o[0m
[1.582s] In file included from [01m[K/ros2-migration/build/cob_control_msgs/rosidl_generator_cpp/cob_control_msgs/msg/detail/obstacle_distances__struct.hpp:20[m[K,
[1.582s]                  from [01m[K/ros2-migration/build/cob_control_msgs/rosidl_typesupport_cpp/cob_control_msgs/msg/obstacle_distances__type_support.cpp:7[m[K:
[1.582s] [01m[K/ros2-migration/build/cob_control_msgs/rosidl_generator_cpp/cob_control_msgs/msg/detail/obstacle_distance__struct.hpp:20:10:[m[K [01;31m[Kfatal error: [m[Kcob_control_msgs/msg/detail/header__struct.hpp: No such file or directory
[1.582s]    20 | #include [01;31m[K"cob_control_msgs/msg/detail/header__struct.hpp"[m[K
[1.582s]       |          [01;31m[K^~~~~~~~~~~~~~~~~~~~~~~~~~~~~~~~~~~~~~~~~~~~~~~~[m[K
[1.582s] compilation terminated.
[1.583s] gmake[2]: *** [CMakeFiles/cob_control_msgs__rosidl_typesupport_cpp.dir/build.make:169: CMakeFiles/cob_control_msgs__rosidl_typesupport_cpp.dir/rosidl_typesupport_cpp/cob_control_msgs/msg/obstacle_distances__type_support.cpp.o] Error 1
[1.584s] gmake[2]: *** Waiting for unfinished jobs....
[1.587s] [ 25%] [32mBuilding CXX object CMakeFiles/cob_control_msgs__rosidl_typesupport_introspection_cpp.dir/rosidl_typesupport_introspection_cpp/cob_control_msgs/msg/detail/obstacle_distance__type_support.cpp.o[0m
[1.594s] [ 27%] [32mBuilding CXX object CMakeFiles/cob_control_msgs__rosidl_typesupport_introspection_cpp.dir/rosidl_typesupport_introspection_cpp/cob_control_msgs/srv/detail/get_obstacle_distance__type_support.cpp.o[0m
[1.599s] [ 29%] [32mBuilding CXX object CMakeFiles/cob_control_msgs__rosidl_typesupport_introspection_cpp.dir/rosidl_typesupport_introspection_cpp/cob_control_msgs/msg/detail/obstacle_distances__type_support.cpp.o[0m
[1.601s] In file included from [01m[K/ros2-migration/build/cob_control_msgs/rosidl_typesupport_cpp/cob_control_msgs/msg/obstacle_distance__type_support.cpp:7[m[K:
[1.601s] [01m[K/ros2-migration/build/cob_control_msgs/rosidl_generator_cpp/cob_control_msgs/msg/detail/obstacle_distance__struct.hpp:20:10:[m[K [01;31m[Kfatal error: [m[Kcob_control_msgs/msg/detail/header__struct.hpp: No such file or directory
[1.601s]    20 | #include [01;31m[K"cob_control_msgs/msg/detail/header__struct.hpp"[m[K
[1.601s]       |          [01;31m[K^~~~~~~~~~~~~~~~~~~~~~~~~~~~~~~~~~~~~~~~~~~~~~~~[m[K
[1.601s] compilation terminated.
[1.602s] gmake[2]: *** [CMakeFiles/cob_control_msgs__rosidl_typesupport_cpp.dir/build.make:155: CMakeFiles/cob_control_msgs__rosidl_typesupport_cpp.dir/rosidl_typesupport_cpp/cob_control_msgs/msg/obstacle_distance__type_support.cpp.o] Error 1
[1.646s] [ 31%] [32mBuilding CXX object CMakeFiles/cob_control_msgs__rosidl_typesupport_fastrtps_cpp.dir/rosidl_typesupport_fastrtps_cpp/cob_control_msgs/msg/detail/dds_fastrtps/obstacle_distance__type_support.cpp.o[0m
[1.661s] In file included from [01m[K/ros2-migration/build/cob_control_msgs/rosidl_typesupport_introspection_cpp/cob_control_msgs/msg/detail/obstacle_distance__type_support.cpp:12[m[K:
[1.662s] [01m[K/ros2-migration/build/cob_control_msgs/rosidl_generator_cpp/cob_control_msgs/msg/detail/obstacle_distance__struct.hpp:20:10:[m[K [01;31m[Kfatal error: [m[Kcob_control_msgs/msg/detail/header__struct.hpp: No such file or directory
[1.662s]    20 | #include [01;31m[K"cob_control_msgs/msg/detail/header__struct.hpp"[m[K
[1.662s]       |          [01;31m[K^~~~~~~~~~~~~~~~~~~~~~~~~~~~~~~~~~~~~~~~~~~~~~~~[m[K
[1.662s] compilation terminated.
[1.664s] gmake[2]: *** [CMakeFiles/cob_control_msgs__rosidl_typesupport_introspection_cpp.dir/build.make:166: CMakeFiles/cob_control_msgs__rosidl_typesupport_introspection_cpp.dir/rosidl_typesupport_introspection_cpp/cob_control_msgs/msg/detail/obstacle_distance__type_support.cpp.o] Error 1
[1.664s] gmake[2]: *** Waiting for unfinished jobs....
[1.671s] [ 34%] [32mBuilding CXX object CMakeFiles/cob_control_msgs__rosidl_typesupport_fastrtps_cpp.dir/rosidl_typesupport_fastrtps_cpp/cob_control_msgs/msg/detail/dds_fastrtps/obstacle_distances__type_support.cpp.o[0m
[1.696s] In file included from [01m[K/ros2-migration/build/cob_control_msgs/rosidl_generator_cpp/cob_control_msgs/msg/detail/obstacle_distances__struct.hpp:20[m[K,
[1.696s]                  from [01m[K/ros2-migration/build/cob_control_msgs/rosidl_typesupport_introspection_cpp/cob_control_msgs/msg/detail/obstacle_distances__type_support.cpp:12[m[K:
[1.696s] [01m[K/ros2-migration/build/cob_control_msgs/rosidl_generator_cpp/cob_control_msgs/msg/detail/obstacle_distance__struct.hpp:20:10:[m[K [01;31m[Kfatal error: [m[Kcob_control_msgs/msg/detail/header__struct.hpp: No such file or directory
[1.696s]    20 | #include [01;31m[K"cob_control_msgs/msg/detail/header__struct.hpp"[m[K
[1.696s]       |          [01;31m[K^~~~~~~~~~~~~~~~~~~~~~~~~~~~~~~~~~~~~~~~~~~~~~~~[m[K
[1.696s] compilation terminated.
[1.698s] gmake[2]: *** [CMakeFiles/cob_control_msgs__rosidl_typesupport_introspection_cpp.dir/build.make:180: CMakeFiles/cob_control_msgs__rosidl_typesupport_introspection_cpp.dir/rosidl_typesupport_introspection_cpp/cob_control_msgs/msg/detail/obstacle_distances__type_support.cpp.o] Error 1
[1.699s] [ 36%] [32mBuilding CXX object CMakeFiles/cob_control_msgs__rosidl_typesupport_fastrtps_cpp.dir/rosidl_typesupport_fastrtps_cpp/cob_control_msgs/srv/detail/dds_fastrtps/get_obstacle_distance__type_support.cpp.o[0m
[1.774s] In file included from [01m[K/ros2-migration/build/cob_control_msgs/rosidl_generator_cpp/cob_control_msgs/msg/detail/obstacle_distances__struct.hpp:20[m[K,
[1.774s]                  from [01m[K/ros2-migration/build/cob_control_msgs/rosidl_typesupport_fastrtps_cpp/cob_control_msgs/msg/detail/obstacle_distances__rosidl_typesupport_fastrtps_cpp.hpp:11[m[K,
[1.774s]                  from [01m[K/ros2-migration/build/cob_control_msgs/rosidl_typesupport_fastrtps_cpp/cob_control_msgs/msg/detail/dds_fastrtps/obstacle_distances__type_support.cpp:4[m[K:
[1.774s] [01m[K/ros2-migration/build/cob_control_msgs/rosidl_generator_cpp/cob_control_msgs/msg/detail/obstacle_distance__struct.hpp:20:10:[m[K [01;31m[Kfatal error: [m[Kcob_control_msgs/msg/detail/header__struct.hpp: No such file or directory
[1.774s]    20 | #include [01;31m[K"cob_control_msgs/msg/detail/header__struct.hpp"[m[K
[1.774s]       |          [01;31m[K^~~~~~~~~~~~~~~~~~~~~~~~~~~~~~~~~~~~~~~~~~~~~~~~[m[K
[1.774s] compilation terminated.
[1.776s] gmake[2]: *** [CMakeFiles/cob_control_msgs__rosidl_typesupport_fastrtps_cpp.dir/build.make:180: CMakeFiles/cob_control_msgs__rosidl_typesupport_fastrtps_cpp.dir/rosidl_typesupport_fastrtps_cpp/cob_control_msgs/msg/detail/dds_fastrtps/obstacle_distances__type_support.cpp.o] Error 1
[1.776s] gmake[2]: *** Waiting for unfinished jobs....
[1.793s] In file included from [01m[K/ros2-migration/build/cob_control_msgs/rosidl_typesupport_fastrtps_cpp/cob_control_msgs/msg/detail/obstacle_distance__rosidl_typesupport_fastrtps_cpp.hpp:11[m[K,
[1.794s]                  from [01m[K/ros2-migration/build/cob_control_msgs/rosidl_typesupport_fastrtps_cpp/cob_control_msgs/msg/detail/dds_fastrtps/obstacle_distance__type_support.cpp:4[m[K:
[1.794s] [01m[K/ros2-migration/build/cob_control_msgs/rosidl_generator_cpp/cob_control_msgs/msg/detail/obstacle_distance__struct.hpp:20:10:[m[K [01;31m[Kfatal error: [m[Kcob_control_msgs/msg/detail/header__struct.hpp: No such file or directory
[1.794s]    20 | #include [01;31m[K"cob_control_msgs/msg/detail/header__struct.hpp"[m[K
[1.795s]       |          [01;31m[K^~~~~~~~~~~~~~~~~~~~~~~~~~~~~~~~~~~~~~~~~~~~~~~~[m[K
[1.795s] compilation terminated.
[1.797s] gmake[2]: *** [CMakeFiles/cob_control_msgs__rosidl_typesupport_fastrtps_cpp.dir/build.make:166: CMakeFiles/cob_control_msgs__rosidl_typesupport_fastrtps_cpp.dir/rosidl_typesupport_fastrtps_cpp/cob_control_msgs/msg/detail/dds_fastrtps/obstacle_distance__type_support.cpp.o] Error 1
[1.880s] gmake[1]: *** [CMakeFiles/Makefile2:395: CMakeFiles/cob_control_msgs__rosidl_typesupport_cpp.dir/all] Error 2
[2.211s] gmake[1]: *** [CMakeFiles/Makefile2:369: CMakeFiles/cob_control_msgs__rosidl_typesupport_introspection_cpp.dir/all] Error 2
[2.263s] gmake[1]: *** [CMakeFiles/Makefile2:291: CMakeFiles/cob_control_msgs__rosidl_typesupport_fastrtps_cpp.dir/all] Error 2
[2.266s] gmake: *** [Makefile:146: all] Error 2
