[0.008s] Invoking command in '/ros2-migration/arena/arena-rosnav/utils/misc/mapping/build/mapping': CMAKE_PREFIX_PATH=/opt/ros/humble /usr/bin/cmake /ros2-migration/arena/arena-rosnav/utils/misc/mapping -DCMAKE_INSTALL_PREFIX=/ros2-migration/arena/arena-rosnav/utils/misc/mapping/install/mapping
[0.051s] -- The C compiler identification is GNU 11.4.0
[0.098s] -- The CXX compiler identification is GNU 11.4.0
[0.104s] -- Detecting C compiler ABI info
[0.158s] -- Detecting C compiler ABI info - done
[0.166s] -- Check for working C compiler: /usr/bin/cc - skipped
[0.167s] -- Detecting C compile features
[0.167s] -- Detecting C compile features - done
[0.170s] -- Detecting CXX compiler ABI info
[0.240s] -- Detecting CXX compiler ABI info - done
[0.248s] -- Check for working CXX compiler: /usr/bin/c++ - skipped
[0.249s] -- Detecting CXX compile features
[0.249s] -- Detecting CXX compile features - done
[0.251s] -- Found ament_cmake: 1.3.9 (/opt/ros/humble/share/ament_cmake/cmake)
[0.618s] -- Found Python3: /usr/bin/python3 (found version "3.10.12") found components: Interpreter 
[0.702s] -- Found message_filters: 4.3.4 (/opt/ros/humble/share/message_filters/cmake)
[0.743s] -- Found rosidl_generator_c: 3.1.5 (/opt/ros/humble/share/rosidl_generator_c/cmake)
[0.748s] -- Found rosidl_adapter: 3.1.5 (/opt/ros/humble/share/rosidl_adapter/cmake)
[0.756s] -- Found rosidl_generator_cpp: 3.1.5 (/opt/ros/humble/share/rosidl_generator_cpp/cmake)
[0.769s] -- Using all available rosidl_typesupport_c: rosidl_typesupport_fastrtps_c;rosidl_typesupport_introspection_c
[0.788s] -- Using all available rosidl_typesupport_cpp: rosidl_typesupport_fastrtps_cpp;rosidl_typesupport_introspection_cpp
[0.858s] -- Found rmw_implementation_cmake: 6.1.2 (/opt/ros/humble/share/rmw_implementation_cmake/cmake)
[0.860s] -- Found rmw_fastrtps_cpp: 6.2.6 (/opt/ros/humble/share/rmw_fastrtps_cpp/cmake)
[0.940s] -- Found OpenSSL: /usr/lib/x86_64-linux-gnu/libcrypto.so (found version "3.0.2")  
[0.964s] -- Found FastRTPS: /opt/ros/humble/include  
[1.010s] -- Using RMW implementation 'rmw_fastrtps_cpp' as default
[1.019s] -- Looking for pthread.h
[1.076s] -- Looking for pthread.h - found
[1.076s] -- Performing Test CMAKE_HAVE_LIBC_PTHREAD
[1.148s] -- Performing Test CMAKE_HAVE_LIBC_PTHREAD - Success
[1.150s] -- Found Threads: TRUE  
[1.333s] -- Found rclpy: 3.3.13 (/opt/ros/humble/share/rclpy/cmake)
[1.334s] -- Found pcl_conversions: 2.4.0 (/opt/ros/humble/share/pcl_conversions/cmake)
[1.635s] -- Found visualization_msgs: 4.2.3 (/opt/ros/humble/share/visualization_msgs/cmake)
[1.762s] -- Found tf2: 0.25.6 (/opt/ros/humble/share/tf2/cmake)
[1.777s] -- Found pcl_ros: 2.4.0 (/opt/ros/humble/share/pcl_ros/cmake)
[1.902s] -- Found eigen3_cmake_module: 0.1.1 (/opt/ros/humble/share/eigen3_cmake_module/cmake)
[1.903s] -- Found Eigen3: TRUE (found version "3.4.0") 
[1.904s] -- Ensuring Eigen3 include directory is part of orocos-kdl CMake target
[2.309s] -- Checking for module 'eigen3'
[2.317s] --   Found eigen3, version 3.4.0
[2.337s] -- Found Eigen: /usr/include/eigen3 (Required is at least version "3.1") 
[2.337s] -- Eigen found (include: /usr/include/eigen3, version: 3.4.0)
[2.370s] -- Checking for module 'flann'
[2.378s] --   Found flann, version 1.9.1
[2.402s] -- Found FLANN: /usr/lib/x86_64-linux-gnu/libflann_cpp.so  
[2.402s] -- FLANN found (include: /usr/include, lib: /usr/lib/x86_64-linux-gnu/libflann_cpp.so)
[3.220s] -- Checking for module 'libusb-1.0'
[3.230s] --   Found libusb-1.0, version 1.0.25
[3.252s] -- Found libusb: /usr/lib/x86_64-linux-gnu/libusb-1.0.so  
[3.253s] -- OpenNI found (version: 1.5.4.0, include: /usr/include/ni, lib: /usr/lib/libOpenNI.so;libusb::libusb)
[3.288s] -- OpenNI2 found (version: 2.2.0.33, include: /usr/include/openni2, lib: /usr/lib/x86_64-linux-gnu/libOpenNI2.so;libusb::libusb)
[3.427s] -- Eigen found (include: /usr/include/eigen3, version: 3.4.0)
[3.433s] -- OpenNI found (version: 1.5.4.0, include: /usr/include/ni, lib: /usr/lib/libOpenNI.so;libusb::libusb)
[3.438s] -- OpenNI2 found (version: 2.2.0.33, include: /usr/include/openni2, lib: /usr/lib/x86_64-linux-gnu/libOpenNI2.so;libusb::libusb)
[3.570s] -- Found Qhull version 8.0.2
[3.705s] -- OpenNI found (version: 1.5.4.0, include: /usr/include/ni, lib: /usr/lib/libOpenNI.so;libusb::libusb)
[3.836s] -- Found PCL_COMMON: /usr/lib/x86_64-linux-gnu/libpcl_common.so  
[3.836s] -- Found PCL_KDTREE: /usr/lib/x86_64-linux-gnu/libpcl_kdtree.so  
[3.837s] -- Found PCL_OCTREE: /usr/lib/x86_64-linux-gnu/libpcl_octree.so  
[3.838s] -- Found PCL_SEARCH: /usr/lib/x86_64-linux-gnu/libpcl_search.so  
[3.839s] -- Found PCL_SAMPLE_CONSENSUS: /usr/lib/x86_64-linux-gnu/libpcl_sample_consensus.so  
[3.839s] -- Found PCL_FILTERS: /usr/lib/x86_64-linux-gnu/libpcl_filters.so  
[3.840s] -- Found PCL_2D: /usr/include/pcl-1.12  
[3.840s] -- Found PCL_GEOMETRY: /usr/include/pcl-1.12  
[3.841s] -- Found PCL_IO: /usr/lib/x86_64-linux-gnu/libpcl_io.so  
[3.842s] -- Found PCL_FEATURES: /usr/lib/x86_64-linux-gnu/libpcl_features.so  
[3.842s] -- Found PCL_ML: /usr/lib/x86_64-linux-gnu/libpcl_ml.so  
[3.843s] -- Found PCL_SEGMENTATION: /usr/lib/x86_64-linux-gnu/libpcl_segmentation.so  
[3.844s] -- Found PCL_VISUALIZATION: /usr/lib/x86_64-linux-gnu/libpcl_visualization.so  
[3.845s] -- Found PCL_SURFACE: /usr/lib/x86_64-linux-gnu/libpcl_surface.so  
[3.846s] -- Found PCL_REGISTRATION: /usr/lib/x86_64-linux-gnu/libpcl_registration.so  
[3.846s] -- Found PCL_KEYPOINTS: /usr/lib/x86_64-linux-gnu/libpcl_keypoints.so  
[3.847s] -- Found PCL_TRACKING: /usr/lib/x86_64-linux-gnu/libpcl_tracking.so  
[3.848s] -- Found PCL_RECOGNITION: /usr/lib/x86_64-linux-gnu/libpcl_recognition.so  
[3.849s] -- Found PCL_STEREO: /usr/lib/x86_64-linux-gnu/libpcl_stereo.so  
[3.850s] -- Found PCL_APPS: /usr/lib/x86_64-linux-gnu/libpcl_apps.so  
[3.850s] -- Found PCL_IN_HAND_SCANNER: /usr/include/pcl-1.12  
[3.851s] -- Found PCL_MODELER: /usr/include/pcl-1.12  
[3.851s] -- Found PCL_POINT_CLOUD_EDITOR: /usr/include/pcl-1.12  
[3.852s] -- Found PCL_OUTOFCORE: /usr/lib/x86_64-linux-gnu/libpcl_outofcore.so  
[3.853s] -- Found PCL_PEOPLE: /usr/lib/x86_64-linux-gnu/libpcl_people.so  
[3.869s] [33mCMake Warning (dev) at CMakeLists.txt:18 (find_package):
[3.869s]   Policy CMP0074 is not set: find_package uses <PackageName>_ROOT variables.
[3.869s]   Run "cmake --help-policy CMP0074" for policy details.  Use the cmake_policy
[3.869s]   command to set the policy and suppress this warning.
[3.869s] 
[3.869s]   CMake variable PCL_ROOT is set to:
[3.869s] 
[3.870s]     /usr
[3.870s] 
[3.870s]   For compatibility, CMake is ignoring the variable.
[3.870s] This warning is for project developers.  Use -Wno-dev to suppress it.
[3.870s] [0m
[3.877s] -- Found laser_geometry: 2.4.0 (/opt/ros/humble/share/laser_geometry/cmake)
[3.892s] -- Found nav_msgs: 4.2.3 (/opt/ros/humble/share/nav_msgs/cmake)
[4.049s] -- Configuring done
[4.058s] -- Generating done
[4.060s] -- Build files have been written to: /ros2-migration/arena/arena-rosnav/utils/misc/mapping/build/mapping
[4.076s] Invoked command in '/ros2-migration/arena/arena-rosnav/utils/misc/mapping/build/mapping' returned '0': CMAKE_PREFIX_PATH=/opt/ros/humble /usr/bin/cmake /ros2-migration/arena/arena-rosnav/utils/misc/mapping -DCMAKE_INSTALL_PREFIX=/ros2-migration/arena/arena-rosnav/utils/misc/mapping/install/mapping
[4.078s] Invoking command in '/ros2-migration/arena/arena-rosnav/utils/misc/mapping/build/mapping': CMAKE_PREFIX_PATH=/opt/ros/humble /usr/bin/cmake --build /ros2-migration/arena/arena-rosnav/utils/misc/mapping/build/mapping -- -j8 -l8
[4.118s] [ 66%] [32mBuilding CXX object CMakeFiles/mapping.dir/src/raycast.cpp.o[0m
[4.118s] [ 66%] [32mBuilding CXX object CMakeFiles/mapping.dir/src/mapping.cpp.o[0m
[4.124s] [01m[K/ros2-migration/arena/arena-rosnav/utils/misc/mapping/src/raycast.cpp:2:10:[m[K [01;31m[Kfatal error: [m[KEigen/Eigen: No such file or directory
[4.124s]     2 | #include [01;31m[K<Eigen/Eigen>[m[K
[4.124s]       |          [01;31m[K^~~~~~~~~~~~~[m[K
[4.124s] compilation terminated.
[4.124s] In file included from [01m[K/ros2-migration/arena/arena-rosnav/utils/misc/mapping/src/mapping.cpp:1[m[K:
[4.124s] [01m[K/ros2-migration/arena/arena-rosnav/utils/misc/mapping/include/mapping/mapping.h:5:10:[m[K [01;31m[Kfatal error: [m[KEigen/Eigen: No such file or directory
[4.124s]     5 | #include [01;31m[K<Eigen/Eigen>[m[K
[4.124s]       |          [01;31m[K^~~~~~~~~~~~~[m[K
[4.125s] compilation terminated.
[4.125s] gmake[2]: *** [CMakeFiles/mapping.dir/build.make:90: CMakeFiles/mapping.dir/src/raycast.cpp.o] Error 1
[4.125s] gmake[2]: *** Waiting for unfinished jobs....
[4.125s] gmake[2]: *** [CMakeFiles/mapping.dir/build.make:76: CMakeFiles/mapping.dir/src/mapping.cpp.o] Error 1
[4.125s] gmake[1]: *** [CMakeFiles/Makefile2:137: CMakeFiles/mapping.dir/all] Error 2
[4.125s] gmake: *** [Makefile:146: all] Error 2
[4.127s] Invoked command in '/ros2-migration/arena/arena-rosnav/utils/misc/mapping/build/mapping' returned '2': CMAKE_PREFIX_PATH=/opt/ros/humble /usr/bin/cmake --build /ros2-migration/arena/arena-rosnav/utils/misc/mapping/build/mapping -- -j8 -l8
